This file contains any messages produced by compilers while
running configure, to aid debugging if configure makes a mistake.

It was created by Agrarian Core configure 1.0.0, which was
generated by GNU Autoconf 2.71.  Invocation command line was

  $ ./configure --prefix=/home/nathan/agrarian/depends/x86_64-pc-linux-gnu --disable-tests --disable-bench

## --------- ##
## Platform. ##
## --------- ##

hostname = agrarian-node-1
uname -m = x86_64
uname -r = 5.15.0-113-generic
uname -s = Linux
uname -v = #123-Ubuntu SMP Mon Jun 10 08:16:17 UTC 2024

/usr/bin/uname -p = x86_64
/bin/uname -X     = unknown

/bin/arch              = x86_64
/usr/bin/arch -k       = unknown
/usr/convex/getsysinfo = unknown
/usr/bin/hostinfo      = unknown
/bin/machine           = unknown
/usr/bin/oslevel       = unknown
/bin/universe          = unknown

PATH: /usr/local/sbin/
PATH: /usr/local/bin/
PATH: /usr/sbin/
PATH: /usr/bin/
PATH: /sbin/
PATH: /bin/
PATH: /usr/games/
PATH: /usr/local/games/
PATH: /snap/bin/


## ----------- ##
## Core tests. ##
## ----------- ##

configure:2845: loading site script /home/nathan/agrarian/depends/x86_64-pc-linux-gnu/share/config.site
| # Autoconf site defaults for Agrarian depends (generated)
| CPPFLAGS='-I/home/nathan/agrarian/depends/x86_64-pc-linux-gnu/include'
| LDFLAGS='-L/home/nathan/agrarian/depends/x86_64-pc-linux-gnu/lib'
| PKG_CONFIG_LIBDIR='/home/nathan/agrarian/depends/x86_64-pc-linux-gnu/lib/pkgconfig:/home/nathan/agrarian/depends/x86_64-pc-linux-gnu/share/pkgconfig'
| PKG_CONFIG_PATH=""
| BDB_CFLAGS='-I/home/nathan/agrarian/depends/x86_64-pc-linux-gnu/include'
| BDB_LIBS='-L/home/nathan/agrarian/depends/x86_64-pc-linux-gnu/lib -ldb_cxx-4.8 -ldb-4.8'
configure:3420: looking for aux files: compile ltmain.sh missing install-sh config.guess config.sub
configure:3433:  trying ./build-aux/
configure:3462:   ./build-aux/compile found
configure:3462:   ./build-aux/ltmain.sh found
configure:3462:   ./build-aux/missing found
configure:3444:   ./build-aux/install-sh found
configure:3462:   ./build-aux/config.guess found
configure:3462:   ./build-aux/config.sub found
configure:3596: checking build system type
configure:3611: result: x86_64-pc-linux-gnu
configure:3631: checking host system type
configure:3645: result: x86_64-pc-linux-gnu
configure:3689: checking for a BSD-compatible install
configure:3762: result: /usr/bin/install -c
configure:3773: checking whether build environment is sane
configure:3828: result: yes
configure:3987: checking for a race-free mkdir -p
configure:4031: result: /usr/bin/mkdir -p
configure:4038: checking for gawk
configure:4059: found /usr/bin/gawk
configure:4070: result: gawk
configure:4081: checking whether make sets $(MAKE)
configure:4104: result: yes
configure:4134: checking whether make supports nested variables
configure:4152: result: yes
configure:4285: checking whether to enable maintainer-specific portions of Makefiles
configure:4295: result: yes
configure:4321: checking whether make supports nested variables
configure:4339: result: yes
configure:4425: checking for g++
configure:4446: found /usr/bin/g++
configure:4457: result: g++
configure:4484: checking for C++ compiler version
configure:4493: g++ --version >&5
g++ (Ubuntu 11.4.0-1ubuntu1~22.04.3) 11.4.0
Copyright (C) 2021 Free Software Foundation, Inc.
This is free software; see the source for copying conditions.  There is NO
warranty; not even for MERCHANTABILITY or FITNESS FOR A PARTICULAR PURPOSE.

configure:4504: $? = 0
configure:4493: g++ -v >&5
Using built-in specs.
COLLECT_GCC=g++
COLLECT_LTO_WRAPPER=/usr/lib/gcc/x86_64-linux-gnu/11/lto-wrapper
OFFLOAD_TARGET_NAMES=nvptx-none:amdgcn-amdhsa
OFFLOAD_TARGET_DEFAULT=1
Target: x86_64-linux-gnu
Configured with: ../src/configure -v --with-pkgversion='Ubuntu 11.4.0-1ubuntu1~22.04.3' --with-bugurl=file:///usr/share/doc/gcc-11/README.Bugs --enable-languages=c,ada,c++,go,brig,d,fortran,objc,obj-c++,m2 --prefix=/usr --with-gcc-major-version-only --program-suffix=-11 --program-prefix=x86_64-linux-gnu- --enable-shared --enable-linker-build-id --libexecdir=/usr/lib --without-included-gettext --enable-threads=posix --libdir=/usr/lib --enable-nls --enable-bootstrap --enable-clocale=gnu --enable-libstdcxx-debug --enable-libstdcxx-time=yes --with-default-libstdcxx-abi=new --enable-gnu-unique-object --disable-vtable-verify --enable-plugin --enable-default-pie --with-system-zlib --enable-libphobos-checking=release --with-target-system-zlib=auto --enable-objc-gc=auto --enable-multiarch --disable-werror --enable-cet --with-arch-32=i686 --with-abi=m64 --with-multilib-list=m32,m64,mx32 --enable-multilib --with-tune=generic --enable-offload-targets=nvptx-none=/build/gcc-11-0odw26/gcc-11-11.4.0/debian/tmp-nvptx/usr,amdgcn-amdhsa=/build/gcc-11-0odw26/gcc-11-11.4.0/debian/tmp-gcn/usr --without-cuda-driver --enable-checking=release --build=x86_64-linux-gnu --host=x86_64-linux-gnu --target=x86_64-linux-gnu --with-build-config=bootstrap-lto-lean --enable-link-serialization=2
Thread model: posix
Supported LTO compression algorithms: zlib zstd
gcc version 11.4.0 (Ubuntu 11.4.0-1ubuntu1~22.04.3) 
... rest of stderr output deleted ...
configure:4504: $? = 0
configure:4493: g++ -V >&5
g++: error: unrecognized command-line option '-V'
g++: fatal error: no input files
compilation terminated.
configure:4504: $? = 1
configure:4493: g++ -qversion >&5
g++: error: unrecognized command-line option '-qversion'; did you mean '--version'?
g++: fatal error: no input files
compilation terminated.
configure:4504: $? = 1
configure:4524: checking whether the C++ compiler works
configure:4546: g++  -I/home/nathan/agrarian/depends/x86_64-pc-linux-gnu/include -L/home/nathan/agrarian/depends/x86_64-pc-linux-gnu/lib conftest.cpp  >&5
configure:4550: $? = 0
configure:4600: result: yes
configure:4603: checking for C++ compiler default output file name
configure:4605: result: a.out
configure:4611: checking for suffix of executables
configure:4618: g++ -o conftest  -I/home/nathan/agrarian/depends/x86_64-pc-linux-gnu/include -L/home/nathan/agrarian/depends/x86_64-pc-linux-gnu/lib conftest.cpp  >&5
configure:4622: $? = 0
configure:4645: result: 
configure:4667: checking whether we are cross compiling
configure:4675: g++ -o conftest  -I/home/nathan/agrarian/depends/x86_64-pc-linux-gnu/include -L/home/nathan/agrarian/depends/x86_64-pc-linux-gnu/lib conftest.cpp  >&5
configure:4679: $? = 0
configure:4686: ./conftest
configure:4690: $? = 0
configure:4705: result: no
configure:4710: checking for suffix of object files
configure:4733: g++ -c  -I/home/nathan/agrarian/depends/x86_64-pc-linux-gnu/include conftest.cpp >&5
configure:4737: $? = 0
configure:4759: result: o
configure:4763: checking whether the compiler supports GNU C++
configure:4783: g++ -c  -I/home/nathan/agrarian/depends/x86_64-pc-linux-gnu/include conftest.cpp >&5
configure:4783: $? = 0
configure:4793: result: yes
configure:4804: checking whether g++ accepts -g
configure:4825: g++ -c -g -I/home/nathan/agrarian/depends/x86_64-pc-linux-gnu/include conftest.cpp >&5
configure:4825: $? = 0
configure:4869: result: yes
configure:4889: checking for g++ option to enable C++11 features
configure:4904: g++  -c -g -O2 -I/home/nathan/agrarian/depends/x86_64-pc-linux-gnu/include conftest.cpp >&5
conftest.cpp: In function 'int main(int, char**)':
conftest.cpp:175:25: warning: empty parentheses were disambiguated as a function declaration [-Wvexing-parse]
  175 |   cxx11test::delegate d2();
      |                         ^~
conftest.cpp:175:25: note: remove parentheses to default-initialize a variable
  175 |   cxx11test::delegate d2();
      |                         ^~
      |                         --
conftest.cpp:175:25: note: or replace parentheses with braces to value-initialize a variable
configure:4904: $? = 0
configure:4922: result: none needed
configure:4989: checking whether make supports the include directive
configure:5004: make -f confmf.GNU && cat confinc.out
this is the am__doit target
configure:5007: $? = 0
configure:5026: result: yes (GNU style)
configure:5052: checking dependency style of g++
configure:5164: result: gcc3
configure:5202: checking whether g++ supports C++11 features with -std=c++11
configure:5499: g++ -std=c++11 -c -g -O2 -I/home/nathan/agrarian/depends/x86_64-pc-linux-gnu/include conftest.cpp >&5
configure:5499: $? = 0
configure:5509: result: yes
configure:5553: checking whether std::atomic can be used without link library
configure:5571: g++ -std=c++11 -o conftest -g -O2 -I/home/nathan/agrarian/depends/x86_64-pc-linux-gnu/include -L/home/nathan/agrarian/depends/x86_64-pc-linux-gnu/lib conftest.cpp  >&5
configure:5571: $? = 0
configure:5574: result: yes
configure:5750: checking for Objective C++ compiler version
configure:5759: g++ -std=c++11 --version >&5
g++ (Ubuntu 11.4.0-1ubuntu1~22.04.3) 11.4.0
Copyright (C) 2021 Free Software Foundation, Inc.
This is free software; see the source for copying conditions.  There is NO
warranty; not even for MERCHANTABILITY or FITNESS FOR A PARTICULAR PURPOSE.

configure:5770: $? = 0
configure:5759: g++ -std=c++11 -v >&5
Using built-in specs.
COLLECT_GCC=g++
COLLECT_LTO_WRAPPER=/usr/lib/gcc/x86_64-linux-gnu/11/lto-wrapper
OFFLOAD_TARGET_NAMES=nvptx-none:amdgcn-amdhsa
OFFLOAD_TARGET_DEFAULT=1
Target: x86_64-linux-gnu
Configured with: ../src/configure -v --with-pkgversion='Ubuntu 11.4.0-1ubuntu1~22.04.3' --with-bugurl=file:///usr/share/doc/gcc-11/README.Bugs --enable-languages=c,ada,c++,go,brig,d,fortran,objc,obj-c++,m2 --prefix=/usr --with-gcc-major-version-only --program-suffix=-11 --program-prefix=x86_64-linux-gnu- --enable-shared --enable-linker-build-id --libexecdir=/usr/lib --without-included-gettext --enable-threads=posix --libdir=/usr/lib --enable-nls --enable-bootstrap --enable-clocale=gnu --enable-libstdcxx-debug --enable-libstdcxx-time=yes --with-default-libstdcxx-abi=new --enable-gnu-unique-object --disable-vtable-verify --enable-plugin --enable-default-pie --with-system-zlib --enable-libphobos-checking=release --with-target-system-zlib=auto --enable-objc-gc=auto --enable-multiarch --disable-werror --enable-cet --with-arch-32=i686 --with-abi=m64 --with-multilib-list=m32,m64,mx32 --enable-multilib --with-tune=generic --enable-offload-targets=nvptx-none=/build/gcc-11-0odw26/gcc-11-11.4.0/debian/tmp-nvptx/usr,amdgcn-amdhsa=/build/gcc-11-0odw26/gcc-11-11.4.0/debian/tmp-gcn/usr --without-cuda-driver --enable-checking=release --build=x86_64-linux-gnu --host=x86_64-linux-gnu --target=x86_64-linux-gnu --with-build-config=bootstrap-lto-lean --enable-link-serialization=2
Thread model: posix
Supported LTO compression algorithms: zlib zstd
gcc version 11.4.0 (Ubuntu 11.4.0-1ubuntu1~22.04.3) 
... rest of stderr output deleted ...
configure:5770: $? = 0
configure:5759: g++ -std=c++11 -V >&5
g++: error: unrecognized command-line option '-V'
g++: fatal error: no input files
compilation terminated.
configure:5770: $? = 1
configure:5759: g++ -std=c++11 -qversion >&5
g++: error: unrecognized command-line option '-qversion'; did you mean '--version'?
g++: fatal error: no input files
compilation terminated.
configure:5770: $? = 1
configure:5774: checking whether the compiler supports GNU Objective C++
configure:5794: g++ -std=c++11 -c  -I/home/nathan/agrarian/depends/x86_64-pc-linux-gnu/include conftest.mm >&5
g++: fatal error: cannot execute 'cc1objplus': execvp: No such file or directory
compilation terminated.
configure:5794: $? = 1
configure: failed program was:
| /* confdefs.h */
| #define PACKAGE_NAME "Agrarian Core"
| #define PACKAGE_TARNAME "agrarian"
| #define PACKAGE_VERSION "1.0.0"
| #define PACKAGE_STRING "Agrarian Core 1.0.0"
| #define PACKAGE_BUGREPORT "www.agrarian.org"
| #define PACKAGE_URL ""
| #define HAVE_CXX11 1
| /* end confdefs.h.  */
| 
| int
| main (void)
| {
| #ifndef __GNUC__
|        choke me
| #endif
| 
|   ;
|   return 0;
| }
configure:5804: result: no
configure:5815: checking whether g++ -std=c++11 accepts -g
configure:5836: g++ -std=c++11 -c -g -I/home/nathan/agrarian/depends/x86_64-pc-linux-gnu/include conftest.mm >&5
g++: fatal error: cannot execute 'cc1objplus': execvp: No such file or directory
compilation terminated.
configure:5836: $? = 1
configure: failed program was:
| /* confdefs.h */
| #define PACKAGE_NAME "Agrarian Core"
| #define PACKAGE_TARNAME "agrarian"
| #define PACKAGE_VERSION "1.0.0"
| #define PACKAGE_STRING "Agrarian Core 1.0.0"
| #define PACKAGE_BUGREPORT "www.agrarian.org"
| #define PACKAGE_URL ""
| #define HAVE_CXX11 1
| /* end confdefs.h.  */
| 
| int
| main (void)
| {
| 
|   ;
|   return 0;
| }
configure:5852: g++ -std=c++11 -c  -I/home/nathan/agrarian/depends/x86_64-pc-linux-gnu/include conftest.mm >&5
g++: fatal error: cannot execute 'cc1objplus': execvp: No such file or directory
compilation terminated.
configure:5852: $? = 1
configure: failed program was:
| /* confdefs.h */
| #define PACKAGE_NAME "Agrarian Core"
| #define PACKAGE_TARNAME "agrarian"
| #define PACKAGE_VERSION "1.0.0"
| #define PACKAGE_STRING "Agrarian Core 1.0.0"
| #define PACKAGE_BUGREPORT "www.agrarian.org"
| #define PACKAGE_URL ""
| #define HAVE_CXX11 1
| /* end confdefs.h.  */
| 
| int
| main (void)
| {
| 
|   ;
|   return 0;
| }
configure:5869: g++ -std=c++11 -c -g -I/home/nathan/agrarian/depends/x86_64-pc-linux-gnu/include conftest.mm >&5
g++: fatal error: cannot execute 'cc1objplus': execvp: No such file or directory
compilation terminated.
configure:5869: $? = 1
configure: failed program was:
| /* confdefs.h */
| #define PACKAGE_NAME "Agrarian Core"
| #define PACKAGE_TARNAME "agrarian"
| #define PACKAGE_VERSION "1.0.0"
| #define PACKAGE_STRING "Agrarian Core 1.0.0"
| #define PACKAGE_BUGREPORT "www.agrarian.org"
| #define PACKAGE_URL ""
| #define HAVE_CXX11 1
| /* end confdefs.h.  */
| 
| int
| main (void)
| {
| 
|   ;
|   return 0;
| }
configure:5880: result: no
configure:5905: checking dependency style of g++ -std=c++11
configure:6015: result: gcc3
configure:6079: checking how to print strings
configure:6106: result: printf
configure:6189: checking for gcc
configure:6210: found /usr/bin/gcc
configure:6221: result: gcc
configure:6574: checking for C compiler version
configure:6583: gcc --version >&5
gcc (Ubuntu 11.4.0-1ubuntu1~22.04.3) 11.4.0
Copyright (C) 2021 Free Software Foundation, Inc.
This is free software; see the source for copying conditions.  There is NO
warranty; not even for MERCHANTABILITY or FITNESS FOR A PARTICULAR PURPOSE.

configure:6594: $? = 0
configure:6583: gcc -v >&5
Using built-in specs.
COLLECT_GCC=gcc
COLLECT_LTO_WRAPPER=/usr/lib/gcc/x86_64-linux-gnu/11/lto-wrapper
OFFLOAD_TARGET_NAMES=nvptx-none:amdgcn-amdhsa
OFFLOAD_TARGET_DEFAULT=1
Target: x86_64-linux-gnu
Configured with: ../src/configure -v --with-pkgversion='Ubuntu 11.4.0-1ubuntu1~22.04.3' --with-bugurl=file:///usr/share/doc/gcc-11/README.Bugs --enable-languages=c,ada,c++,go,brig,d,fortran,objc,obj-c++,m2 --prefix=/usr --with-gcc-major-version-only --program-suffix=-11 --program-prefix=x86_64-linux-gnu- --enable-shared --enable-linker-build-id --libexecdir=/usr/lib --without-included-gettext --enable-threads=posix --libdir=/usr/lib --enable-nls --enable-bootstrap --enable-clocale=gnu --enable-libstdcxx-debug --enable-libstdcxx-time=yes --with-default-libstdcxx-abi=new --enable-gnu-unique-object --disable-vtable-verify --enable-plugin --enable-default-pie --with-system-zlib --enable-libphobos-checking=release --with-target-system-zlib=auto --enable-objc-gc=auto --enable-multiarch --disable-werror --enable-cet --with-arch-32=i686 --with-abi=m64 --with-multilib-list=m32,m64,mx32 --enable-multilib --with-tune=generic --enable-offload-targets=nvptx-none=/build/gcc-11-0odw26/gcc-11-11.4.0/debian/tmp-nvptx/usr,amdgcn-amdhsa=/build/gcc-11-0odw26/gcc-11-11.4.0/debian/tmp-gcn/usr --without-cuda-driver --enable-checking=release --build=x86_64-linux-gnu --host=x86_64-linux-gnu --target=x86_64-linux-gnu --with-build-config=bootstrap-lto-lean --enable-link-serialization=2
Thread model: posix
Supported LTO compression algorithms: zlib zstd
gcc version 11.4.0 (Ubuntu 11.4.0-1ubuntu1~22.04.3) 
... rest of stderr output deleted ...
configure:6594: $? = 0
configure:6583: gcc -V >&5
gcc: error: unrecognized command-line option '-V'
gcc: fatal error: no input files
compilation terminated.
configure:6594: $? = 1
configure:6583: gcc -qversion >&5
gcc: error: unrecognized command-line option '-qversion'; did you mean '--version'?
gcc: fatal error: no input files
compilation terminated.
configure:6594: $? = 1
configure:6583: gcc -version >&5
gcc: error: unrecognized command-line option '-version'
gcc: fatal error: no input files
compilation terminated.
configure:6594: $? = 1
configure:6598: checking whether the compiler supports GNU C
configure:6618: gcc -c  -I/home/nathan/agrarian/depends/x86_64-pc-linux-gnu/include conftest.c >&5
configure:6618: $? = 0
configure:6628: result: yes
configure:6639: checking whether gcc accepts -g
configure:6660: gcc -c -g -I/home/nathan/agrarian/depends/x86_64-pc-linux-gnu/include conftest.c >&5
configure:6660: $? = 0
configure:6704: result: yes
configure:6724: checking for gcc option to enable C11 features
configure:6739: gcc  -c -g -O2 -I/home/nathan/agrarian/depends/x86_64-pc-linux-gnu/include conftest.c >&5
configure:6739: $? = 0
configure:6757: result: none needed
configure:6873: checking whether gcc understands -c and -o together
configure:6896: gcc -c conftest.c -o conftest2.o
configure:6899: $? = 0
configure:6896: gcc -c conftest.c -o conftest2.o
configure:6899: $? = 0
configure:6911: result: yes
configure:6930: checking dependency style of gcc
configure:7042: result: gcc3
configure:7057: checking for a sed that does not truncate output
configure:7127: result: /usr/bin/sed
configure:7145: checking for grep that handles long lines and -e
configure:7209: result: /usr/bin/grep
configure:7214: checking for egrep
configure:7282: result: /usr/bin/grep -E
configure:7287: checking for fgrep
configure:7355: result: /usr/bin/grep -F
configure:7391: checking for ld used by gcc
configure:7459: result: /usr/bin/ld
configure:7466: checking if the linker (/usr/bin/ld) is GNU ld
configure:7482: result: yes
configure:7494: checking for BSD- or MS-compatible name lister (nm)
configure:7549: result: /usr/bin/nm -B
configure:7689: checking the name lister (/usr/bin/nm -B) interface
configure:7697: gcc -c -g -O2 -I/home/nathan/agrarian/depends/x86_64-pc-linux-gnu/include conftest.c >&5
configure:7700: /usr/bin/nm -B "conftest.o"
configure:7703: output
0000000000000000 B some_variable
configure:7710: result: BSD nm
configure:7713: checking whether ln -s works
configure:7717: result: yes
configure:7725: checking the maximum length of command line arguments
configure:7857: result: 1572864
configure:7905: checking how to convert x86_64-pc-linux-gnu file names to x86_64-pc-linux-gnu format
configure:7946: result: func_convert_file_noop
configure:7953: checking how to convert x86_64-pc-linux-gnu file names to toolchain format
configure:7974: result: func_convert_file_noop
configure:7981: checking for /usr/bin/ld option to reload object files
configure:7989: result: -r
configure:8068: checking for objdump
configure:8089: found /usr/bin/objdump
configure:8100: result: objdump
configure:8132: checking how to recognize dependent libraries
configure:8333: result: pass_all
configure:8423: checking for dlltool
configure:8458: result: no
configure:8488: checking how to associate runtime and link libraries
configure:8516: result: printf %s\n
configure:8582: checking for ar
configure:8603: found /usr/bin/ar
configure:8614: result: ar
configure:8651: checking for archiver @FILE support
configure:8669: gcc -c -g -O2 -I/home/nathan/agrarian/depends/x86_64-pc-linux-gnu/include conftest.c >&5
configure:8669: $? = 0
configure:8673: ar cr libconftest.a @conftest.lst >&5
configure:8676: $? = 0
configure:8681: ar cr libconftest.a @conftest.lst >&5
ar: conftest.o: No such file or directory
configure:8684: $? = 1
configure:8696: result: @
configure:8759: checking for strip
configure:8780: found /usr/bin/strip
configure:8791: result: strip
configure:8868: checking for ranlib
configure:8889: found /usr/bin/ranlib
configure:8900: result: ranlib
configure:9002: checking command to parse /usr/bin/nm -B output from gcc object
configure:9156: gcc -c -g -O2 -I/home/nathan/agrarian/depends/x86_64-pc-linux-gnu/include conftest.c >&5
configure:9159: $? = 0
configure:9163: /usr/bin/nm -B conftest.o | sed -n -e 's/^.*[	 ]\([ABCDGIRSTW][ABCDGIRSTW]*\)[	 ][	 ]*\([_A-Za-z][_A-Za-z0-9]*\)$/\1 \2 \2/p' | sed '/ __gnu_lto/d' > conftest.nm
configure:9229: gcc -o conftest -g -O2 -I/home/nathan/agrarian/depends/x86_64-pc-linux-gnu/include -L/home/nathan/agrarian/depends/x86_64-pc-linux-gnu/lib conftest.c conftstm.o >&5
configure:9232: $? = 0
configure:9270: result: ok
configure:9317: checking for sysroot
configure:9348: result: no
configure:9355: checking for a working dd
configure:9399: result: /usr/bin/dd
configure:9403: checking how to truncate binary pipes
configure:9419: result: /usr/bin/dd bs=4096 count=1
configure:9556: gcc -c -g -O2 -I/home/nathan/agrarian/depends/x86_64-pc-linux-gnu/include conftest.c >&5
configure:9559: $? = 0
configure:9756: checking for mt
configure:9777: found /usr/bin/mt
configure:9788: result: mt
configure:9811: checking if mt is a manifest tool
configure:9818: mt '-?'
configure:9826: result: no
configure:10556: checking for stdio.h
configure:10556: gcc -c -g -O2 -I/home/nathan/agrarian/depends/x86_64-pc-linux-gnu/include conftest.c >&5
configure:10556: $? = 0
configure:10556: result: yes
configure:10556: checking for stdlib.h
configure:10556: gcc -c -g -O2 -I/home/nathan/agrarian/depends/x86_64-pc-linux-gnu/include conftest.c >&5
configure:10556: $? = 0
configure:10556: result: yes
configure:10556: checking for string.h
configure:10556: gcc -c -g -O2 -I/home/nathan/agrarian/depends/x86_64-pc-linux-gnu/include conftest.c >&5
configure:10556: $? = 0
configure:10556: result: yes
configure:10556: checking for inttypes.h
configure:10556: gcc -c -g -O2 -I/home/nathan/agrarian/depends/x86_64-pc-linux-gnu/include conftest.c >&5
configure:10556: $? = 0
configure:10556: result: yes
configure:10556: checking for stdint.h
configure:10556: gcc -c -g -O2 -I/home/nathan/agrarian/depends/x86_64-pc-linux-gnu/include conftest.c >&5
configure:10556: $? = 0
configure:10556: result: yes
configure:10556: checking for strings.h
configure:10556: gcc -c -g -O2 -I/home/nathan/agrarian/depends/x86_64-pc-linux-gnu/include conftest.c >&5
configure:10556: $? = 0
configure:10556: result: yes
configure:10556: checking for sys/stat.h
configure:10556: gcc -c -g -O2 -I/home/nathan/agrarian/depends/x86_64-pc-linux-gnu/include conftest.c >&5
configure:10556: $? = 0
configure:10556: result: yes
configure:10556: checking for sys/types.h
configure:10556: gcc -c -g -O2 -I/home/nathan/agrarian/depends/x86_64-pc-linux-gnu/include conftest.c >&5
configure:10556: $? = 0
configure:10556: result: yes
configure:10556: checking for unistd.h
configure:10556: gcc -c -g -O2 -I/home/nathan/agrarian/depends/x86_64-pc-linux-gnu/include conftest.c >&5
configure:10556: $? = 0
configure:10556: result: yes
configure:10581: checking for dlfcn.h
configure:10581: gcc -c -g -O2 -I/home/nathan/agrarian/depends/x86_64-pc-linux-gnu/include conftest.c >&5
configure:10581: $? = 0
configure:10581: result: yes
configure:10849: checking for objdir
configure:10865: result: .libs
configure:11129: checking if gcc supports -fno-rtti -fno-exceptions
configure:11148: gcc -c -g -O2 -I/home/nathan/agrarian/depends/x86_64-pc-linux-gnu/include -fno-rtti -fno-exceptions conftest.c >&5
cc1: warning: command-line option '-fno-rtti' is valid for C++/D/ObjC++ but not for C
configure:11152: $? = 0
configure:11165: result: no
configure:11529: checking for gcc option to produce PIC
configure:11537: result: -fPIC -DPIC
configure:11545: checking if gcc PIC flag -fPIC -DPIC works
configure:11564: gcc -c -g -O2 -I/home/nathan/agrarian/depends/x86_64-pc-linux-gnu/include -fPIC -DPIC -DPIC conftest.c >&5
configure:11568: $? = 0
configure:11581: result: yes
configure:11610: checking if gcc static flag -static works
configure:11639: result: yes
configure:11654: checking if gcc supports -c -o file.o
configure:11676: gcc -c -g -O2 -I/home/nathan/agrarian/depends/x86_64-pc-linux-gnu/include -o out/conftest2.o conftest.c >&5
configure:11680: $? = 0
configure:11702: result: yes
configure:11710: checking if gcc supports -c -o file.o
configure:11758: result: yes
configure:11791: checking whether the gcc linker (/usr/bin/ld -m elf_x86_64) supports shared libraries
configure:13061: result: yes
configure:13098: checking whether -lc should be explicitly linked in
configure:13107: gcc -c -g -O2 -I/home/nathan/agrarian/depends/x86_64-pc-linux-gnu/include conftest.c >&5
configure:13110: $? = 0
configure:13125: gcc -shared  -fPIC -DPIC conftest.o  -v -Wl,-soname -Wl,conftest -o conftest 2\>\&1 \| /usr/bin/grep  -lc  \>/dev/null 2\>\&1
configure:13128: $? = 0
configure:13142: result: no
configure:13302: checking dynamic linker characteristics
configure:13884: gcc -o conftest -g -O2 -I/home/nathan/agrarian/depends/x86_64-pc-linux-gnu/include -L/home/nathan/agrarian/depends/x86_64-pc-linux-gnu/lib -Wl,-rpath -Wl,/foo conftest.c  >&5
configure:13884: $? = 0
configure:14135: result: GNU/Linux ld.so
configure:14257: checking how to hardcode library paths into programs
configure:14282: result: immediate
configure:14834: checking whether stripping libraries is possible
configure:14839: result: yes
configure:14874: checking if libtool supports shared libraries
configure:14876: result: yes
configure:14879: checking whether to build shared libraries
configure:14904: result: yes
configure:14907: checking whether to build static libraries
configure:14911: result: yes
configure:14934: checking how to run the C++ preprocessor
configure:14956: g++ -std=c++11 -E -I/home/nathan/agrarian/depends/x86_64-pc-linux-gnu/include conftest.cpp
configure:14956: $? = 0
configure:14971: g++ -std=c++11 -E -I/home/nathan/agrarian/depends/x86_64-pc-linux-gnu/include conftest.cpp
conftest.cpp:22:10: fatal error: ac_nonexistent.h: No such file or directory
   22 | #include <ac_nonexistent.h>
      |          ^~~~~~~~~~~~~~~~~~
compilation terminated.
configure:14971: $? = 1
configure: failed program was:
| /* confdefs.h */
| #define PACKAGE_NAME "Agrarian Core"
| #define PACKAGE_TARNAME "agrarian"
| #define PACKAGE_VERSION "1.0.0"
| #define PACKAGE_STRING "Agrarian Core 1.0.0"
| #define PACKAGE_BUGREPORT "www.agrarian.org"
| #define PACKAGE_URL ""
| #define HAVE_CXX11 1
| #define HAVE_STDIO_H 1
| #define HAVE_STDLIB_H 1
| #define HAVE_STRING_H 1
| #define HAVE_INTTYPES_H 1
| #define HAVE_STDINT_H 1
| #define HAVE_STRINGS_H 1
| #define HAVE_SYS_STAT_H 1
| #define HAVE_SYS_TYPES_H 1
| #define HAVE_UNISTD_H 1
| #define STDC_HEADERS 1
| #define HAVE_DLFCN_H 1
| #define LT_OBJDIR ".libs/"
| /* end confdefs.h.  */
| #include <ac_nonexistent.h>
configure:14998: result: g++ -std=c++11 -E
configure:15012: g++ -std=c++11 -E -I/home/nathan/agrarian/depends/x86_64-pc-linux-gnu/include conftest.cpp
configure:15012: $? = 0
configure:15027: g++ -std=c++11 -E -I/home/nathan/agrarian/depends/x86_64-pc-linux-gnu/include conftest.cpp
conftest.cpp:22:10: fatal error: ac_nonexistent.h: No such file or directory
   22 | #include <ac_nonexistent.h>
      |          ^~~~~~~~~~~~~~~~~~
compilation terminated.
configure:15027: $? = 1
configure: failed program was:
| /* confdefs.h */
| #define PACKAGE_NAME "Agrarian Core"
| #define PACKAGE_TARNAME "agrarian"
| #define PACKAGE_VERSION "1.0.0"
| #define PACKAGE_STRING "Agrarian Core 1.0.0"
| #define PACKAGE_BUGREPORT "www.agrarian.org"
| #define PACKAGE_URL ""
| #define HAVE_CXX11 1
| #define HAVE_STDIO_H 1
| #define HAVE_STDLIB_H 1
| #define HAVE_STRING_H 1
| #define HAVE_INTTYPES_H 1
| #define HAVE_STDINT_H 1
| #define HAVE_STRINGS_H 1
| #define HAVE_SYS_STAT_H 1
| #define HAVE_SYS_TYPES_H 1
| #define HAVE_UNISTD_H 1
| #define STDC_HEADERS 1
| #define HAVE_DLFCN_H 1
| #define LT_OBJDIR ".libs/"
| /* end confdefs.h.  */
| #include <ac_nonexistent.h>
configure:15192: checking for ld used by g++ -std=c++11
configure:15260: result: /usr/bin/ld -m elf_x86_64
configure:15267: checking if the linker (/usr/bin/ld -m elf_x86_64) is GNU ld
configure:15283: result: yes
configure:15338: checking whether the g++ -std=c++11 linker (/usr/bin/ld -m elf_x86_64) supports shared libraries
configure:16415: result: yes
configure:16451: g++ -std=c++11 -c -g -O2 -I/home/nathan/agrarian/depends/x86_64-pc-linux-gnu/include conftest.cpp >&5
configure:16454: $? = 0
configure:16935: checking for g++ -std=c++11 option to produce PIC
configure:16943: result: -fPIC -DPIC
configure:16951: checking if g++ -std=c++11 PIC flag -fPIC -DPIC works
configure:16970: g++ -std=c++11 -c -g -O2 -I/home/nathan/agrarian/depends/x86_64-pc-linux-gnu/include -fPIC -DPIC -DPIC conftest.cpp >&5
configure:16974: $? = 0
configure:16987: result: yes
configure:17010: checking if g++ -std=c++11 static flag -static works
configure:17039: result: yes
configure:17051: checking if g++ -std=c++11 supports -c -o file.o
configure:17073: g++ -std=c++11 -c -g -O2 -I/home/nathan/agrarian/depends/x86_64-pc-linux-gnu/include -o out/conftest2.o conftest.cpp >&5
configure:17077: $? = 0
configure:17099: result: yes
configure:17104: checking if g++ -std=c++11 supports -c -o file.o
configure:17152: result: yes
configure:17182: checking whether the g++ -std=c++11 linker (/usr/bin/ld -m elf_x86_64) supports shared libraries
configure:17225: result: yes
configure:17367: checking dynamic linker characteristics
configure:18127: result: GNU/Linux ld.so
configure:18192: checking how to hardcode library paths into programs
configure:18217: result: immediate
configure:18330: checking for ar
configure:18353: found /usr/bin/ar
configure:18365: result: /usr/bin/ar
configure:18438: checking for ranlib
configure:18461: found /usr/bin/ranlib
configure:18473: result: /usr/bin/ranlib
configure:18546: checking for strip
configure:18569: found /usr/bin/strip
configure:18581: result: /usr/bin/strip
configure:18654: checking for gcov
configure:18677: found /usr/bin/gcov
configure:18689: result: /usr/bin/gcov
configure:18713: checking for lcov
configure:18751: result: no
configure:18760: checking for python3.5
configure:18798: result: no
configure:18760: checking for python3.6
configure:18798: result: no
configure:18760: checking for python3.7
configure:18798: result: no
configure:18760: checking for python3.8
configure:18798: result: no
configure:18760: checking for python3
configure:18783: found /usr/bin/python3
configure:18795: result: /usr/bin/python3
configure:18808: checking for genhtml
configure:18846: result: no
configure:18853: checking for git
configure:18876: found /usr/bin/git
configure:18888: result: /usr/bin/git
configure:18898: checking for ccache
configure:18936: result: no
configure:18943: checking for xgettext
configure:18981: result: no
configure:18988: checking for hexdump
configure:19011: found /usr/bin/hexdump
configure:19023: result: /usr/bin/hexdump
configure:19082: checking for readelf
configure:19105: found /usr/bin/readelf
configure:19117: result: /usr/bin/readelf
configure:19190: checking for c++filt
configure:19213: found /usr/bin/c++filt
configure:19225: result: /usr/bin/c++filt
configure:19298: checking for objcopy
configure:19321: found /usr/bin/objcopy
configure:19333: result: /usr/bin/objcopy
configure:19357: checking for doxygen
configure:19395: result: no
configure:19401: WARNING: Doxygen not found
configure:19658: checking whether C++ compiler accepts -Werror
configure:19678: g++ -std=c++11 -c -g -O2  -Werror -I/home/nathan/agrarian/depends/x86_64-pc-linux-gnu/include conftest.cpp >&5
configure:19678: $? = 0
configure:19687: result: yes
configure:20169: checking whether C++ compiler accepts -Wall
configure:20189: g++ -std=c++11 -c -g -O2 -Werror -Wall -I/home/nathan/agrarian/depends/x86_64-pc-linux-gnu/include conftest.cpp >&5
configure:20189: $? = 0
configure:20199: result: yes
configure:20209: checking whether C++ compiler accepts -Wextra
configure:20229: g++ -std=c++11 -c -g -O2 -Werror -Wextra -I/home/nathan/agrarian/depends/x86_64-pc-linux-gnu/include conftest.cpp >&5
configure:20229: $? = 0
configure:20239: result: yes
configure:20249: checking whether C++ compiler accepts -Wformat
configure:20269: g++ -std=c++11 -c -g -O2 -Werror -Wformat -I/home/nathan/agrarian/depends/x86_64-pc-linux-gnu/include conftest.cpp >&5
configure:20269: $? = 0
configure:20279: result: yes
configure:20289: checking whether C++ compiler accepts -Wvla
configure:20309: g++ -std=c++11 -c -g -O2 -Werror -Wvla -I/home/nathan/agrarian/depends/x86_64-pc-linux-gnu/include conftest.cpp >&5
configure:20309: $? = 0
configure:20319: result: yes
configure:20329: checking whether C++ compiler accepts -Wformat-security
configure:20349: g++ -std=c++11 -c -g -O2 -Werror -Wformat-security -I/home/nathan/agrarian/depends/x86_64-pc-linux-gnu/include conftest.cpp >&5
configure:20349: $? = 0
configure:20359: result: yes
configure:20369: checking whether C++ compiler accepts -Wthread-safety-analysis
configure:20389: g++ -std=c++11 -c -g -O2 -Werror -Wthread-safety-analysis -I/home/nathan/agrarian/depends/x86_64-pc-linux-gnu/include conftest.cpp >&5
g++: error: unrecognized command-line option '-Wthread-safety-analysis'
configure:20389: $? = 1
configure: failed program was:
| /* confdefs.h */
| #define PACKAGE_NAME "Agrarian Core"
| #define PACKAGE_TARNAME "agrarian"
| #define PACKAGE_VERSION "1.0.0"
| #define PACKAGE_STRING "Agrarian Core 1.0.0"
| #define PACKAGE_BUGREPORT "www.agrarian.org"
| #define PACKAGE_URL ""
| #define HAVE_CXX11 1
| #define HAVE_STDIO_H 1
| #define HAVE_STDLIB_H 1
| #define HAVE_STRING_H 1
| #define HAVE_INTTYPES_H 1
| #define HAVE_STDINT_H 1
| #define HAVE_STRINGS_H 1
| #define HAVE_SYS_STAT_H 1
| #define HAVE_SYS_TYPES_H 1
| #define HAVE_UNISTD_H 1
| #define STDC_HEADERS 1
| #define HAVE_DLFCN_H 1
| #define LT_OBJDIR ".libs/"
| #define USE_ASM 1
| /* end confdefs.h.  */
| 
| int
| main (void)
| {
| 
|   ;
|   return 0;
| }
configure:20399: result: no
configure:20409: checking whether C++ compiler accepts -Wrange-loop-analysis
configure:20429: g++ -std=c++11 -c -g -O2 -Werror -Wrange-loop-analysis -I/home/nathan/agrarian/depends/x86_64-pc-linux-gnu/include conftest.cpp >&5
g++: error: unrecognized command-line option '-Wrange-loop-analysis'
configure:20429: $? = 1
configure: failed program was:
| /* confdefs.h */
| #define PACKAGE_NAME "Agrarian Core"
| #define PACKAGE_TARNAME "agrarian"
| #define PACKAGE_VERSION "1.0.0"
| #define PACKAGE_STRING "Agrarian Core 1.0.0"
| #define PACKAGE_BUGREPORT "www.agrarian.org"
| #define PACKAGE_URL ""
| #define HAVE_CXX11 1
| #define HAVE_STDIO_H 1
| #define HAVE_STDLIB_H 1
| #define HAVE_STRING_H 1
| #define HAVE_INTTYPES_H 1
| #define HAVE_STDINT_H 1
| #define HAVE_STRINGS_H 1
| #define HAVE_SYS_STAT_H 1
| #define HAVE_SYS_TYPES_H 1
| #define HAVE_UNISTD_H 1
| #define STDC_HEADERS 1
| #define HAVE_DLFCN_H 1
| #define LT_OBJDIR ".libs/"
| #define USE_ASM 1
| /* end confdefs.h.  */
| 
| int
| main (void)
| {
| 
|   ;
|   return 0;
| }
configure:20439: result: no
configure:20449: checking whether C++ compiler accepts -Wredundant-decls
configure:20469: g++ -std=c++11 -c -g -O2 -Werror -Wredundant-decls -I/home/nathan/agrarian/depends/x86_64-pc-linux-gnu/include conftest.cpp >&5
configure:20469: $? = 0
configure:20479: result: yes
configure:20493: checking whether C++ compiler accepts -Wunused-parameter
configure:20513: g++ -std=c++11 -c -g -O2 -Werror -Wunused-parameter -I/home/nathan/agrarian/depends/x86_64-pc-linux-gnu/include conftest.cpp >&5
configure:20513: $? = 0
configure:20523: result: yes
configure:20533: checking whether C++ compiler accepts -Wself-assign
configure:20553: g++ -std=c++11 -c -g -O2 -Werror -Wself-assign -I/home/nathan/agrarian/depends/x86_64-pc-linux-gnu/include conftest.cpp >&5
g++: error: unrecognized command-line option '-Wself-assign'
configure:20553: $? = 1
configure: failed program was:
| /* confdefs.h */
| #define PACKAGE_NAME "Agrarian Core"
| #define PACKAGE_TARNAME "agrarian"
| #define PACKAGE_VERSION "1.0.0"
| #define PACKAGE_STRING "Agrarian Core 1.0.0"
| #define PACKAGE_BUGREPORT "www.agrarian.org"
| #define PACKAGE_URL ""
| #define HAVE_CXX11 1
| #define HAVE_STDIO_H 1
| #define HAVE_STDLIB_H 1
| #define HAVE_STRING_H 1
| #define HAVE_INTTYPES_H 1
| #define HAVE_STDINT_H 1
| #define HAVE_STRINGS_H 1
| #define HAVE_SYS_STAT_H 1
| #define HAVE_SYS_TYPES_H 1
| #define HAVE_UNISTD_H 1
| #define STDC_HEADERS 1
| #define HAVE_DLFCN_H 1
| #define LT_OBJDIR ".libs/"
| #define USE_ASM 1
| /* end confdefs.h.  */
| 
| int
| main (void)
| {
| 
|   ;
|   return 0;
| }
configure:20563: result: no
configure:20573: checking whether C++ compiler accepts -Wunused-local-typedef
configure:20593: g++ -std=c++11 -c -g -O2 -Werror -Wunused-local-typedef -I/home/nathan/agrarian/depends/x86_64-pc-linux-gnu/include conftest.cpp >&5
g++: error: unrecognized command-line option '-Wunused-local-typedef'; did you mean '-Wunused-local-typedefs'?
configure:20593: $? = 1
configure: failed program was:
| /* confdefs.h */
| #define PACKAGE_NAME "Agrarian Core"
| #define PACKAGE_TARNAME "agrarian"
| #define PACKAGE_VERSION "1.0.0"
| #define PACKAGE_STRING "Agrarian Core 1.0.0"
| #define PACKAGE_BUGREPORT "www.agrarian.org"
| #define PACKAGE_URL ""
| #define HAVE_CXX11 1
| #define HAVE_STDIO_H 1
| #define HAVE_STDLIB_H 1
| #define HAVE_STRING_H 1
| #define HAVE_INTTYPES_H 1
| #define HAVE_STDINT_H 1
| #define HAVE_STRINGS_H 1
| #define HAVE_SYS_STAT_H 1
| #define HAVE_SYS_TYPES_H 1
| #define HAVE_UNISTD_H 1
| #define STDC_HEADERS 1
| #define HAVE_DLFCN_H 1
| #define LT_OBJDIR ".libs/"
| #define USE_ASM 1
| /* end confdefs.h.  */
| 
| int
| main (void)
| {
| 
|   ;
|   return 0;
| }
configure:20603: result: no
configure:20613: checking whether C++ compiler accepts -Wdeprecated-register
configure:20633: g++ -std=c++11 -c -g -O2 -Werror -Wdeprecated-register -I/home/nathan/agrarian/depends/x86_64-pc-linux-gnu/include conftest.cpp >&5
g++: error: unrecognized command-line option '-Wdeprecated-register'; did you mean '-Wdeprecated-copy-dtor'?
configure:20633: $? = 1
configure: failed program was:
| /* confdefs.h */
| #define PACKAGE_NAME "Agrarian Core"
| #define PACKAGE_TARNAME "agrarian"
| #define PACKAGE_VERSION "1.0.0"
| #define PACKAGE_STRING "Agrarian Core 1.0.0"
| #define PACKAGE_BUGREPORT "www.agrarian.org"
| #define PACKAGE_URL ""
| #define HAVE_CXX11 1
| #define HAVE_STDIO_H 1
| #define HAVE_STDLIB_H 1
| #define HAVE_STRING_H 1
| #define HAVE_INTTYPES_H 1
| #define HAVE_STDINT_H 1
| #define HAVE_STRINGS_H 1
| #define HAVE_SYS_STAT_H 1
| #define HAVE_SYS_TYPES_H 1
| #define HAVE_UNISTD_H 1
| #define STDC_HEADERS 1
| #define HAVE_DLFCN_H 1
| #define LT_OBJDIR ".libs/"
| #define USE_ASM 1
| /* end confdefs.h.  */
| 
| int
| main (void)
| {
| 
|   ;
|   return 0;
| }
configure:20643: result: no
configure:20653: checking whether C++ compiler accepts -Wimplicit-fallthrough
configure:20673: g++ -std=c++11 -c -g -O2 -Werror -Wimplicit-fallthrough -I/home/nathan/agrarian/depends/x86_64-pc-linux-gnu/include conftest.cpp >&5
configure:20673: $? = 0
configure:20683: result: yes
configure:20698: checking whether C++ compiler accepts -msse4.2
configure:20718: g++ -std=c++11 -c -g -O2 -Werror -msse4.2 -I/home/nathan/agrarian/depends/x86_64-pc-linux-gnu/include conftest.cpp >&5
configure:20718: $? = 0
configure:20728: result: yes
configure:20738: checking whether C++ compiler accepts -msse4.1
configure:20758: g++ -std=c++11 -c -g -O2 -Werror -msse4.1 -I/home/nathan/agrarian/depends/x86_64-pc-linux-gnu/include conftest.cpp >&5
configure:20758: $? = 0
configure:20768: result: yes
configure:20778: checking whether C++ compiler accepts -mavx -mavx2
configure:20798: g++ -std=c++11 -c -g -O2 -Werror -mavx -mavx2 -I/home/nathan/agrarian/depends/x86_64-pc-linux-gnu/include conftest.cpp >&5
configure:20798: $? = 0
configure:20808: result: yes
configure:20818: checking whether C++ compiler accepts -msse4 -msha
configure:20838: g++ -std=c++11 -c -g -O2 -Werror -msse4 -msha -I/home/nathan/agrarian/depends/x86_64-pc-linux-gnu/include conftest.cpp >&5
configure:20838: $? = 0
configure:20848: result: yes
configure:20860: checking for assembler crc32 support
configure:20886: g++ -std=c++11 -c -g -O2 -msse4.2 -I/home/nathan/agrarian/depends/x86_64-pc-linux-gnu/include conftest.cpp >&5
configure:20886: $? = 0
configure:20888: result: yes
configure:20900: checking for SSE4.1 intrinsics
configure:20919: g++ -std=c++11 -c -g -O2 -msse4.1 -I/home/nathan/agrarian/depends/x86_64-pc-linux-gnu/include conftest.cpp >&5
configure:20919: $? = 0
configure:20921: result: yes
configure:20935: checking for AVX2 intrinsics
configure:20954: g++ -std=c++11 -c -g -O2 -mavx -mavx2 -I/home/nathan/agrarian/depends/x86_64-pc-linux-gnu/include conftest.cpp >&5
configure:20954: $? = 0
configure:20956: result: yes
configure:20970: checking for SHA-NI intrinsics
configure:20991: g++ -std=c++11 -c -g -O2 -msse4 -msha -I/home/nathan/agrarian/depends/x86_64-pc-linux-gnu/include conftest.cpp >&5
configure:20991: $? = 0
configure:20993: result: yes
configure:22839: checking for pkg-config
configure:22862: found /usr/bin/pkg-config
configure:22874: result: /usr/bin/pkg-config
configure:22899: checking pkg-config is at least version 0.9.0
configure:22902: result: yes
configure:23023: checking whether byte ordering is bigendian
configure:23039: g++ -std=c++11 -c -g -O2 -I/home/nathan/agrarian/depends/x86_64-pc-linux-gnu/include -DHAVE_BUILD_INFO -D__STDC_FORMAT_MACROS conftest.cpp >&5
conftest.cpp:27:16: error: expected unqualified-id before 'not' token
   27 |                not a universal capable compiler
      |                ^~~
configure:23039: $? = 1
configure: failed program was:
| /* confdefs.h */
| #define PACKAGE_NAME "Agrarian Core"
| #define PACKAGE_TARNAME "agrarian"
| #define PACKAGE_VERSION "1.0.0"
| #define PACKAGE_STRING "Agrarian Core 1.0.0"
| #define PACKAGE_BUGREPORT "www.agrarian.org"
| #define PACKAGE_URL ""
| #define HAVE_CXX11 1
| #define HAVE_STDIO_H 1
| #define HAVE_STDLIB_H 1
| #define HAVE_STRING_H 1
| #define HAVE_INTTYPES_H 1
| #define HAVE_STDINT_H 1
| #define HAVE_STRINGS_H 1
| #define HAVE_SYS_STAT_H 1
| #define HAVE_SYS_TYPES_H 1
| #define HAVE_UNISTD_H 1
| #define STDC_HEADERS 1
| #define HAVE_DLFCN_H 1
| #define LT_OBJDIR ".libs/"
| #define USE_ASM 1
| #define ENABLE_SSE41 1
| #define ENABLE_AVX2 1
| #define ENABLE_SHANI 1
| /* end confdefs.h.  */
| #ifndef __APPLE_CC__
| 	       not a universal capable compiler
| 	     #endif
| 	     typedef int dummy;
| 
configure:23085: g++ -std=c++11 -c -g -O2 -I/home/nathan/agrarian/depends/x86_64-pc-linux-gnu/include -DHAVE_BUILD_INFO -D__STDC_FORMAT_MACROS conftest.cpp >&5
configure:23085: $? = 0
configure:23104: g++ -std=c++11 -c -g -O2 -I/home/nathan/agrarian/depends/x86_64-pc-linux-gnu/include -DHAVE_BUILD_INFO -D__STDC_FORMAT_MACROS conftest.cpp >&5
conftest.cpp: In function 'int main()':
conftest.cpp:33:22: error: 'big' was not declared in this scope
   33 |                  not big endian
      |                      ^~~
configure:23104: $? = 1
configure: failed program was:
| /* confdefs.h */
| #define PACKAGE_NAME "Agrarian Core"
| #define PACKAGE_TARNAME "agrarian"
| #define PACKAGE_VERSION "1.0.0"
| #define PACKAGE_STRING "Agrarian Core 1.0.0"
| #define PACKAGE_BUGREPORT "www.agrarian.org"
| #define PACKAGE_URL ""
| #define HAVE_CXX11 1
| #define HAVE_STDIO_H 1
| #define HAVE_STDLIB_H 1
| #define HAVE_STRING_H 1
| #define HAVE_INTTYPES_H 1
| #define HAVE_STDINT_H 1
| #define HAVE_STRINGS_H 1
| #define HAVE_SYS_STAT_H 1
| #define HAVE_SYS_TYPES_H 1
| #define HAVE_UNISTD_H 1
| #define STDC_HEADERS 1
| #define HAVE_DLFCN_H 1
| #define LT_OBJDIR ".libs/"
| #define USE_ASM 1
| #define ENABLE_SSE41 1
| #define ENABLE_AVX2 1
| #define ENABLE_SHANI 1
| /* end confdefs.h.  */
| #include <sys/types.h>
| 		#include <sys/param.h>
| 
| int
| main (void)
| {
| #if BYTE_ORDER != BIG_ENDIAN
| 		 not big endian
| 		#endif
| 
|   ;
|   return 0;
| }
configure:23238: result: no
configure:23262: checking how to run the C preprocessor
configure:23288: gcc -E -I/home/nathan/agrarian/depends/x86_64-pc-linux-gnu/include -DHAVE_BUILD_INFO -D__STDC_FORMAT_MACROS conftest.c
configure:23288: $? = 0
configure:23303: gcc -E -I/home/nathan/agrarian/depends/x86_64-pc-linux-gnu/include -DHAVE_BUILD_INFO -D__STDC_FORMAT_MACROS conftest.c
conftest.c:26:10: fatal error: ac_nonexistent.h: No such file or directory
   26 | #include <ac_nonexistent.h>
      |          ^~~~~~~~~~~~~~~~~~
compilation terminated.
configure:23303: $? = 1
configure: failed program was:
| /* confdefs.h */
| #define PACKAGE_NAME "Agrarian Core"
| #define PACKAGE_TARNAME "agrarian"
| #define PACKAGE_VERSION "1.0.0"
| #define PACKAGE_STRING "Agrarian Core 1.0.0"
| #define PACKAGE_BUGREPORT "www.agrarian.org"
| #define PACKAGE_URL ""
| #define HAVE_CXX11 1
| #define HAVE_STDIO_H 1
| #define HAVE_STDLIB_H 1
| #define HAVE_STRING_H 1
| #define HAVE_INTTYPES_H 1
| #define HAVE_STDINT_H 1
| #define HAVE_STRINGS_H 1
| #define HAVE_SYS_STAT_H 1
| #define HAVE_SYS_TYPES_H 1
| #define HAVE_UNISTD_H 1
| #define STDC_HEADERS 1
| #define HAVE_DLFCN_H 1
| #define LT_OBJDIR ".libs/"
| #define USE_ASM 1
| #define ENABLE_SSE41 1
| #define ENABLE_AVX2 1
| #define ENABLE_SHANI 1
| /* end confdefs.h.  */
| #include <ac_nonexistent.h>
configure:23330: result: gcc -E
configure:23344: gcc -E -I/home/nathan/agrarian/depends/x86_64-pc-linux-gnu/include -DHAVE_BUILD_INFO -D__STDC_FORMAT_MACROS conftest.c
configure:23344: $? = 0
configure:23359: gcc -E -I/home/nathan/agrarian/depends/x86_64-pc-linux-gnu/include -DHAVE_BUILD_INFO -D__STDC_FORMAT_MACROS conftest.c
conftest.c:26:10: fatal error: ac_nonexistent.h: No such file or directory
   26 | #include <ac_nonexistent.h>
      |          ^~~~~~~~~~~~~~~~~~
compilation terminated.
configure:23359: $? = 1
configure: failed program was:
| /* confdefs.h */
| #define PACKAGE_NAME "Agrarian Core"
| #define PACKAGE_TARNAME "agrarian"
| #define PACKAGE_VERSION "1.0.0"
| #define PACKAGE_STRING "Agrarian Core 1.0.0"
| #define PACKAGE_BUGREPORT "www.agrarian.org"
| #define PACKAGE_URL ""
| #define HAVE_CXX11 1
| #define HAVE_STDIO_H 1
| #define HAVE_STDLIB_H 1
| #define HAVE_STRING_H 1
| #define HAVE_INTTYPES_H 1
| #define HAVE_STDINT_H 1
| #define HAVE_STRINGS_H 1
| #define HAVE_SYS_STAT_H 1
| #define HAVE_SYS_TYPES_H 1
| #define HAVE_UNISTD_H 1
| #define STDC_HEADERS 1
| #define HAVE_DLFCN_H 1
| #define LT_OBJDIR ".libs/"
| #define USE_ASM 1
| #define ENABLE_SSE41 1
| #define ENABLE_AVX2 1
| #define ENABLE_SHANI 1
| /* end confdefs.h.  */
| #include <ac_nonexistent.h>
configure:23575: checking whether gcc is Clang
configure:23602: result: no
configure:23730: checking whether pthreads work with -pthread
configure:23830: gcc -o conftest -g -O2 -pthread -I/home/nathan/agrarian/depends/x86_64-pc-linux-gnu/include -DHAVE_BUILD_INFO -D__STDC_FORMAT_MACROS -L/home/nathan/agrarian/depends/x86_64-pc-linux-gnu/lib conftest.c   >&5
configure:23830: $? = 0
configure:23840: result: yes
configure:23860: checking for joinable pthread attribute
configure:23879: gcc -o conftest -g -O2 -pthread -I/home/nathan/agrarian/depends/x86_64-pc-linux-gnu/include -DHAVE_BUILD_INFO -D__STDC_FORMAT_MACROS -L/home/nathan/agrarian/depends/x86_64-pc-linux-gnu/lib conftest.c   >&5
configure:23879: $? = 0
configure:23888: result: PTHREAD_CREATE_JOINABLE
configure:23901: checking whether more special flags are required for pthreads
configure:23915: result: no
configure:23924: checking for PTHREAD_PRIO_INHERIT
configure:23941: gcc -o conftest -g -O2 -pthread -I/home/nathan/agrarian/depends/x86_64-pc-linux-gnu/include -DHAVE_BUILD_INFO -D__STDC_FORMAT_MACROS -L/home/nathan/agrarian/depends/x86_64-pc-linux-gnu/lib conftest.c   >&5
configure:23941: $? = 0
configure:23951: result: yes
configure:24072: checking for special C compiler options needed for large files
configure:24120: result: no
configure:24126: checking for _FILE_OFFSET_BITS value needed for large files
configure:24152: g++ -std=c++11 -c -g -O2 -I/home/nathan/agrarian/depends/x86_64-pc-linux-gnu/include -DHAVE_BUILD_INFO -D__STDC_FORMAT_MACROS conftest.cpp >&5
configure:24152: $? = 0
configure:24186: result: no
configure:24269: checking for g++ -std=c++11 options needed to detect all undeclared functions
configure:24291: g++ -std=c++11 -c -g -O2 -I/home/nathan/agrarian/depends/x86_64-pc-linux-gnu/include -DHAVE_BUILD_INFO -D__STDC_FORMAT_MACROS conftest.cpp >&5
conftest.cpp: In function 'int main()':
conftest.cpp:32:8: error: 'strchr' was not declared in this scope
   32 | (void) strchr;
      |        ^~~~~~
conftest.cpp:1:1: note: 'strchr' is defined in header '<cstring>'; did you forget to '#include <cstring>'?
    1 | /* confdefs.h */
configure:24291: $? = 1
configure: failed program was:
| /* confdefs.h */
| #define PACKAGE_NAME "Agrarian Core"
| #define PACKAGE_TARNAME "agrarian"
| #define PACKAGE_VERSION "1.0.0"
| #define PACKAGE_STRING "Agrarian Core 1.0.0"
| #define PACKAGE_BUGREPORT "www.agrarian.org"
| #define PACKAGE_URL ""
| #define HAVE_CXX11 1
| #define HAVE_STDIO_H 1
| #define HAVE_STDLIB_H 1
| #define HAVE_STRING_H 1
| #define HAVE_INTTYPES_H 1
| #define HAVE_STDINT_H 1
| #define HAVE_STRINGS_H 1
| #define HAVE_SYS_STAT_H 1
| #define HAVE_SYS_TYPES_H 1
| #define HAVE_UNISTD_H 1
| #define STDC_HEADERS 1
| #define HAVE_DLFCN_H 1
| #define LT_OBJDIR ".libs/"
| #define USE_ASM 1
| #define ENABLE_SSE41 1
| #define ENABLE_AVX2 1
| #define ENABLE_SHANI 1
| #define HAVE_PTHREAD_PRIO_INHERIT 1
| #define HAVE_PTHREAD 1
| /* end confdefs.h.  */
| 
| int
| main (void)
| {
| (void) strchr;
|   ;
|   return 0;
| }
configure:24318: g++ -std=c++11 -c -g -O2 -I/home/nathan/agrarian/depends/x86_64-pc-linux-gnu/include -DHAVE_BUILD_INFO -D__STDC_FORMAT_MACROS conftest.cpp >&5
configure:24318: $? = 0
configure:24335: result: none needed
configure:24349: checking whether strerror_r is declared
configure:24349: g++ -std=c++11 -c -g -O2  -I/home/nathan/agrarian/depends/x86_64-pc-linux-gnu/include -DHAVE_BUILD_INFO -D__STDC_FORMAT_MACROS conftest.cpp >&5
configure:24349: $? = 0
configure:24349: result: yes
configure:24368: checking whether strerror_r returns char *
configure:24393: g++ -std=c++11 -c -g -O2 -I/home/nathan/agrarian/depends/x86_64-pc-linux-gnu/include -DHAVE_BUILD_INFO -D__STDC_FORMAT_MACROS conftest.cpp >&5
configure:24393: $? = 0
configure:24402: result: yes
configure:24423: checking whether the linker accepts -Wl,--large-address-aware
configure:24443: g++ -std=c++11 -o conftest -g -O2 -I/home/nathan/agrarian/depends/x86_64-pc-linux-gnu/include -DHAVE_BUILD_INFO -D__STDC_FORMAT_MACROS -L/home/nathan/agrarian/depends/x86_64-pc-linux-gnu/lib  -Wl,--large-address-aware conftest.cpp  >&5
/usr/bin/ld: unrecognized option '--large-address-aware'
/usr/bin/ld: use the --help option for usage information
collect2: error: ld returned 1 exit status
configure:24443: $? = 1
configure: failed program was:
| /* confdefs.h */
| #define PACKAGE_NAME "Agrarian Core"
| #define PACKAGE_TARNAME "agrarian"
| #define PACKAGE_VERSION "1.0.0"
| #define PACKAGE_STRING "Agrarian Core 1.0.0"
| #define PACKAGE_BUGREPORT "www.agrarian.org"
| #define PACKAGE_URL ""
| #define HAVE_CXX11 1
| #define HAVE_STDIO_H 1
| #define HAVE_STDLIB_H 1
| #define HAVE_STRING_H 1
| #define HAVE_INTTYPES_H 1
| #define HAVE_STDINT_H 1
| #define HAVE_STRINGS_H 1
| #define HAVE_SYS_STAT_H 1
| #define HAVE_SYS_TYPES_H 1
| #define HAVE_UNISTD_H 1
| #define STDC_HEADERS 1
| #define HAVE_DLFCN_H 1
| #define LT_OBJDIR ".libs/"
| #define USE_ASM 1
| #define ENABLE_SSE41 1
| #define ENABLE_AVX2 1
| #define ENABLE_SHANI 1
| #define HAVE_PTHREAD_PRIO_INHERIT 1
| #define HAVE_PTHREAD 1
| #define HAVE_DECL_STRERROR_R 1
| #define HAVE_STRERROR_R 1
| #define STRERROR_R_CHAR_P 1
| /* end confdefs.h.  */
| 
| int
| main (void)
| {
| 
|   ;
|   return 0;
| }
configure:24453: result: no
configure:24466: checking for __attribute__((visibility))
configure:24491: g++ -std=c++11 -o conftest -g -O2 -I/home/nathan/agrarian/depends/x86_64-pc-linux-gnu/include -DHAVE_BUILD_INFO -D__STDC_FORMAT_MACROS -L/home/nathan/agrarian/depends/x86_64-pc-linux-gnu/lib conftest.cpp  >&5
configure:24491: $? = 0
configure:24506: result: yes
configure:24521: checking for __attribute__((dllexport))
configure:24543: g++ -std=c++11 -o conftest -g -O2 -I/home/nathan/agrarian/depends/x86_64-pc-linux-gnu/include -DHAVE_BUILD_INFO -D__STDC_FORMAT_MACROS -L/home/nathan/agrarian/depends/x86_64-pc-linux-gnu/lib conftest.cpp  >&5
conftest.cpp:34:62: warning: 'dllexport' attribute directive ignored [-Wattributes]
   34 |                     __attribute__((dllexport)) int foo( void ) { return 0; }
      |                                                              ^
configure:24543: $? = 0
configure:24558: result: no
configure:24573: checking for __attribute__((dllimport))
configure:24595: g++ -std=c++11 -o conftest -g -O2 -I/home/nathan/agrarian/depends/x86_64-pc-linux-gnu/include -DHAVE_BUILD_INFO -D__STDC_FORMAT_MACROS -L/home/nathan/agrarian/depends/x86_64-pc-linux-gnu/lib conftest.cpp  >&5
conftest.cpp:34:62: warning: 'dllimport' attribute directive ignored [-Wattributes]
   34 |                     int foo( void ) __attribute__((dllimport));
      |                                                              ^
configure:24595: $? = 0
configure:24610: result: no
configure:24783: checking for library containing clock_gettime
configure:24812: g++ -std=c++11 -o conftest -g -O2 -I/home/nathan/agrarian/depends/x86_64-pc-linux-gnu/include -DHAVE_BUILD_INFO -D__STDC_FORMAT_MACROS -L/home/nathan/agrarian/depends/x86_64-pc-linux-gnu/lib conftest.cpp  >&5
configure:24812: $? = 0
configure:24832: result: none required
configure:24974: checking whether C++ compiler accepts -fPIC
configure:24994: g++ -std=c++11 -c -g -O2  -fPIC -I/home/nathan/agrarian/depends/x86_64-pc-linux-gnu/include -DHAVE_BUILD_INFO -D__STDC_FORMAT_MACROS conftest.cpp >&5
configure:24994: $? = 0
configure:25003: result: yes
configure:25016: checking whether C++ compiler accepts -Wstack-protector
configure:25036: g++ -std=c++11 -c -g -O2  -Wstack-protector -I/home/nathan/agrarian/depends/x86_64-pc-linux-gnu/include -DHAVE_BUILD_INFO -D__STDC_FORMAT_MACROS conftest.cpp >&5
configure:25036: $? = 0
configure:25045: result: yes
configure:25054: checking whether C++ compiler accepts -fstack-protector-all
configure:25074: g++ -std=c++11 -c -g -O2  -fstack-protector-all -I/home/nathan/agrarian/depends/x86_64-pc-linux-gnu/include -DHAVE_BUILD_INFO -D__STDC_FORMAT_MACROS conftest.cpp >&5
configure:25074: $? = 0
configure:25083: result: yes
configure:25093: checking whether C++ preprocessor accepts -D_FORTIFY_SOURCE=2
configure:25113: g++ -std=c++11 -E -I/home/nathan/agrarian/depends/x86_64-pc-linux-gnu/include -DHAVE_BUILD_INFO -D__STDC_FORMAT_MACROS  -D_FORTIFY_SOURCE=2 conftest.cpp
configure:25113: $? = 0
configure:25122: result: yes
configure:25127: checking whether C++ preprocessor accepts -U_FORTIFY_SOURCE
configure:25147: g++ -std=c++11 -E -I/home/nathan/agrarian/depends/x86_64-pc-linux-gnu/include -DHAVE_BUILD_INFO -D__STDC_FORMAT_MACROS  -U_FORTIFY_SOURCE conftest.cpp
configure:25147: $? = 0
configure:25156: result: yes
configure:25174: checking whether the linker accepts -Wl,--dynamicbase
configure:25194: g++ -std=c++11 -o conftest -g -O2 -I/home/nathan/agrarian/depends/x86_64-pc-linux-gnu/include -DHAVE_BUILD_INFO -D__STDC_FORMAT_MACROS -L/home/nathan/agrarian/depends/x86_64-pc-linux-gnu/lib  -Wl,--dynamicbase conftest.cpp  >&5
/usr/bin/ld: unrecognized option '--dynamicbase'
/usr/bin/ld: use the --help option for usage information
collect2: error: ld returned 1 exit status
configure:25194: $? = 1
configure: failed program was:
| /* confdefs.h */
| #define PACKAGE_NAME "Agrarian Core"
| #define PACKAGE_TARNAME "agrarian"
| #define PACKAGE_VERSION "1.0.0"
| #define PACKAGE_STRING "Agrarian Core 1.0.0"
| #define PACKAGE_BUGREPORT "www.agrarian.org"
| #define PACKAGE_URL ""
| #define HAVE_CXX11 1
| #define HAVE_STDIO_H 1
| #define HAVE_STDLIB_H 1
| #define HAVE_STRING_H 1
| #define HAVE_INTTYPES_H 1
| #define HAVE_STDINT_H 1
| #define HAVE_STRINGS_H 1
| #define HAVE_SYS_STAT_H 1
| #define HAVE_SYS_TYPES_H 1
| #define HAVE_UNISTD_H 1
| #define STDC_HEADERS 1
| #define HAVE_DLFCN_H 1
| #define LT_OBJDIR ".libs/"
| #define USE_ASM 1
| #define ENABLE_SSE41 1
| #define ENABLE_AVX2 1
| #define ENABLE_SHANI 1
| #define HAVE_PTHREAD_PRIO_INHERIT 1
| #define HAVE_PTHREAD 1
| #define HAVE_DECL_STRERROR_R 1
| #define HAVE_STRERROR_R 1
| #define STRERROR_R_CHAR_P 1
| #define HAVE_FUNC_ATTRIBUTE_VISIBILITY 1
| /* end confdefs.h.  */
| 
| int
| main (void)
| {
| 
|   ;
|   return 0;
| }
configure:25204: result: no
configure:25213: checking whether the linker accepts -Wl,--nxcompat
configure:25233: g++ -std=c++11 -o conftest -g -O2 -I/home/nathan/agrarian/depends/x86_64-pc-linux-gnu/include -DHAVE_BUILD_INFO -D__STDC_FORMAT_MACROS -L/home/nathan/agrarian/depends/x86_64-pc-linux-gnu/lib  -Wl,--nxcompat conftest.cpp  >&5
/usr/bin/ld: unrecognized option '--nxcompat'
/usr/bin/ld: use the --help option for usage information
collect2: error: ld returned 1 exit status
configure:25233: $? = 1
configure: failed program was:
| /* confdefs.h */
| #define PACKAGE_NAME "Agrarian Core"
| #define PACKAGE_TARNAME "agrarian"
| #define PACKAGE_VERSION "1.0.0"
| #define PACKAGE_STRING "Agrarian Core 1.0.0"
| #define PACKAGE_BUGREPORT "www.agrarian.org"
| #define PACKAGE_URL ""
| #define HAVE_CXX11 1
| #define HAVE_STDIO_H 1
| #define HAVE_STDLIB_H 1
| #define HAVE_STRING_H 1
| #define HAVE_INTTYPES_H 1
| #define HAVE_STDINT_H 1
| #define HAVE_STRINGS_H 1
| #define HAVE_SYS_STAT_H 1
| #define HAVE_SYS_TYPES_H 1
| #define HAVE_UNISTD_H 1
| #define STDC_HEADERS 1
| #define HAVE_DLFCN_H 1
| #define LT_OBJDIR ".libs/"
| #define USE_ASM 1
| #define ENABLE_SSE41 1
| #define ENABLE_AVX2 1
| #define ENABLE_SHANI 1
| #define HAVE_PTHREAD_PRIO_INHERIT 1
| #define HAVE_PTHREAD 1
| #define HAVE_DECL_STRERROR_R 1
| #define HAVE_STRERROR_R 1
| #define STRERROR_R_CHAR_P 1
| #define HAVE_FUNC_ATTRIBUTE_VISIBILITY 1
| /* end confdefs.h.  */
| 
| int
| main (void)
| {
| 
|   ;
|   return 0;
| }
configure:25243: result: no
configure:25252: checking whether the linker accepts -Wl,--high-entropy-va
configure:25272: g++ -std=c++11 -o conftest -g -O2 -I/home/nathan/agrarian/depends/x86_64-pc-linux-gnu/include -DHAVE_BUILD_INFO -D__STDC_FORMAT_MACROS -L/home/nathan/agrarian/depends/x86_64-pc-linux-gnu/lib  -Wl,--high-entropy-va conftest.cpp  >&5
/usr/bin/ld: unrecognized option '--high-entropy-va'
/usr/bin/ld: use the --help option for usage information
collect2: error: ld returned 1 exit status
configure:25272: $? = 1
configure: failed program was:
| /* confdefs.h */
| #define PACKAGE_NAME "Agrarian Core"
| #define PACKAGE_TARNAME "agrarian"
| #define PACKAGE_VERSION "1.0.0"
| #define PACKAGE_STRING "Agrarian Core 1.0.0"
| #define PACKAGE_BUGREPORT "www.agrarian.org"
| #define PACKAGE_URL ""
| #define HAVE_CXX11 1
| #define HAVE_STDIO_H 1
| #define HAVE_STDLIB_H 1
| #define HAVE_STRING_H 1
| #define HAVE_INTTYPES_H 1
| #define HAVE_STDINT_H 1
| #define HAVE_STRINGS_H 1
| #define HAVE_SYS_STAT_H 1
| #define HAVE_SYS_TYPES_H 1
| #define HAVE_UNISTD_H 1
| #define STDC_HEADERS 1
| #define HAVE_DLFCN_H 1
| #define LT_OBJDIR ".libs/"
| #define USE_ASM 1
| #define ENABLE_SSE41 1
| #define ENABLE_AVX2 1
| #define ENABLE_SHANI 1
| #define HAVE_PTHREAD_PRIO_INHERIT 1
| #define HAVE_PTHREAD 1
| #define HAVE_DECL_STRERROR_R 1
| #define HAVE_STRERROR_R 1
| #define STRERROR_R_CHAR_P 1
| #define HAVE_FUNC_ATTRIBUTE_VISIBILITY 1
| /* end confdefs.h.  */
| 
| int
| main (void)
| {
| 
|   ;
|   return 0;
| }
configure:25282: result: no
configure:25291: checking whether the linker accepts -Wl,-z,relro
configure:25311: g++ -std=c++11 -o conftest -g -O2 -I/home/nathan/agrarian/depends/x86_64-pc-linux-gnu/include -DHAVE_BUILD_INFO -D__STDC_FORMAT_MACROS -L/home/nathan/agrarian/depends/x86_64-pc-linux-gnu/lib  -Wl,-z,relro conftest.cpp  >&5
configure:25311: $? = 0
configure:25321: result: yes
configure:25330: checking whether the linker accepts -Wl,-z,now
configure:25350: g++ -std=c++11 -o conftest -g -O2 -I/home/nathan/agrarian/depends/x86_64-pc-linux-gnu/include -DHAVE_BUILD_INFO -D__STDC_FORMAT_MACROS -L/home/nathan/agrarian/depends/x86_64-pc-linux-gnu/lib  -Wl,-z,now conftest.cpp  >&5
configure:25350: $? = 0
configure:25360: result: yes
configure:25370: checking whether the linker accepts -fPIE -pie
configure:25390: g++ -std=c++11 -o conftest -g -O2 -I/home/nathan/agrarian/depends/x86_64-pc-linux-gnu/include -DHAVE_BUILD_INFO -D__STDC_FORMAT_MACROS -L/home/nathan/agrarian/depends/x86_64-pc-linux-gnu/lib -Werror -fPIE -pie conftest.cpp  >&5
configure:25390: $? = 0
configure:25401: result: yes
configure:25503: checking for endian.h
configure:25503: g++ -std=c++11 -c -g -O2 -I/home/nathan/agrarian/depends/x86_64-pc-linux-gnu/include -DHAVE_BUILD_INFO -D__STDC_FORMAT_MACROS conftest.cpp >&5
configure:25503: $? = 0
configure:25503: result: yes
configure:25509: checking for sys/endian.h
configure:25509: g++ -std=c++11 -c -g -O2 -I/home/nathan/agrarian/depends/x86_64-pc-linux-gnu/include -DHAVE_BUILD_INFO -D__STDC_FORMAT_MACROS conftest.cpp >&5
conftest.cpp:61:10: fatal error: sys/endian.h: No such file or directory
   61 | #include <sys/endian.h>
      |          ^~~~~~~~~~~~~~
compilation terminated.
configure:25509: $? = 1
configure: failed program was:
| /* confdefs.h */
| #define PACKAGE_NAME "Agrarian Core"
| #define PACKAGE_TARNAME "agrarian"
| #define PACKAGE_VERSION "1.0.0"
| #define PACKAGE_STRING "Agrarian Core 1.0.0"
| #define PACKAGE_BUGREPORT "www.agrarian.org"
| #define PACKAGE_URL ""
| #define HAVE_CXX11 1
| #define HAVE_STDIO_H 1
| #define HAVE_STDLIB_H 1
| #define HAVE_STRING_H 1
| #define HAVE_INTTYPES_H 1
| #define HAVE_STDINT_H 1
| #define HAVE_STRINGS_H 1
| #define HAVE_SYS_STAT_H 1
| #define HAVE_SYS_TYPES_H 1
| #define HAVE_UNISTD_H 1
| #define STDC_HEADERS 1
| #define HAVE_DLFCN_H 1
| #define LT_OBJDIR ".libs/"
| #define USE_ASM 1
| #define ENABLE_SSE41 1
| #define ENABLE_AVX2 1
| #define ENABLE_SHANI 1
| #define HAVE_PTHREAD_PRIO_INHERIT 1
| #define HAVE_PTHREAD 1
| #define HAVE_DECL_STRERROR_R 1
| #define HAVE_STRERROR_R 1
| #define STRERROR_R_CHAR_P 1
| #define HAVE_FUNC_ATTRIBUTE_VISIBILITY 1
| #define HAVE_ENDIAN_H 1
| /* end confdefs.h.  */
| #include <stddef.h>
| #ifdef HAVE_STDIO_H
| # include <stdio.h>
| #endif
| #ifdef HAVE_STDLIB_H
| # include <stdlib.h>
| #endif
| #ifdef HAVE_STRING_H
| # include <string.h>
| #endif
| #ifdef HAVE_INTTYPES_H
| # include <inttypes.h>
| #endif
| #ifdef HAVE_STDINT_H
| # include <stdint.h>
| #endif
| #ifdef HAVE_STRINGS_H
| # include <strings.h>
| #endif
| #ifdef HAVE_SYS_TYPES_H
| # include <sys/types.h>
| #endif
| #ifdef HAVE_SYS_STAT_H
| # include <sys/stat.h>
| #endif
| #ifdef HAVE_UNISTD_H
| # include <unistd.h>
| #endif
| #include <sys/endian.h>
configure:25509: result: no
configure:25515: checking for byteswap.h
configure:25515: g++ -std=c++11 -c -g -O2 -I/home/nathan/agrarian/depends/x86_64-pc-linux-gnu/include -DHAVE_BUILD_INFO -D__STDC_FORMAT_MACROS conftest.cpp >&5
configure:25515: $? = 0
configure:25515: result: yes
configure:25521: checking for stdio.h
configure:25521: result: yes
configure:25527: checking for stdlib.h
configure:25527: result: yes
configure:25533: checking for unistd.h
configure:25533: result: yes
configure:25539: checking for strings.h
configure:25539: result: yes
configure:25545: checking for sys/types.h
configure:25545: result: yes
configure:25551: checking for sys/stat.h
configure:25551: result: yes
configure:25557: checking for sys/select.h
configure:25557: g++ -std=c++11 -c -g -O2 -I/home/nathan/agrarian/depends/x86_64-pc-linux-gnu/include -DHAVE_BUILD_INFO -D__STDC_FORMAT_MACROS conftest.cpp >&5
configure:25557: $? = 0
configure:25557: result: yes
configure:25563: checking for sys/prctl.h
configure:25563: g++ -std=c++11 -c -g -O2 -I/home/nathan/agrarian/depends/x86_64-pc-linux-gnu/include -DHAVE_BUILD_INFO -D__STDC_FORMAT_MACROS conftest.cpp >&5
configure:25563: $? = 0
configure:25563: result: yes
configure:25571: checking whether strnlen is declared
configure:25571: g++ -std=c++11 -c -g -O2  -I/home/nathan/agrarian/depends/x86_64-pc-linux-gnu/include -DHAVE_BUILD_INFO -D__STDC_FORMAT_MACROS conftest.cpp >&5
configure:25571: $? = 0
configure:25571: result: yes
configure:25582: checking whether daemon is declared
configure:25582: g++ -std=c++11 -c -g -O2  -I/home/nathan/agrarian/depends/x86_64-pc-linux-gnu/include -DHAVE_BUILD_INFO -D__STDC_FORMAT_MACROS conftest.cpp >&5
configure:25582: $? = 0
configure:25582: result: yes
configure:25592: checking whether le16toh is declared
configure:25592: g++ -std=c++11 -c -g -O2  -I/home/nathan/agrarian/depends/x86_64-pc-linux-gnu/include -DHAVE_BUILD_INFO -D__STDC_FORMAT_MACROS conftest.cpp >&5
configure:25592: $? = 0
configure:25592: result: yes
configure:25605: checking whether le32toh is declared
configure:25605: g++ -std=c++11 -c -g -O2  -I/home/nathan/agrarian/depends/x86_64-pc-linux-gnu/include -DHAVE_BUILD_INFO -D__STDC_FORMAT_MACROS conftest.cpp >&5
configure:25605: $? = 0
configure:25605: result: yes
configure:25618: checking whether le64toh is declared
configure:25618: g++ -std=c++11 -c -g -O2  -I/home/nathan/agrarian/depends/x86_64-pc-linux-gnu/include -DHAVE_BUILD_INFO -D__STDC_FORMAT_MACROS conftest.cpp >&5
configure:25618: $? = 0
configure:25618: result: yes
configure:25631: checking whether htole16 is declared
configure:25631: g++ -std=c++11 -c -g -O2  -I/home/nathan/agrarian/depends/x86_64-pc-linux-gnu/include -DHAVE_BUILD_INFO -D__STDC_FORMAT_MACROS conftest.cpp >&5
configure:25631: $? = 0
configure:25631: result: yes
configure:25644: checking whether htole32 is declared
configure:25644: g++ -std=c++11 -c -g -O2  -I/home/nathan/agrarian/depends/x86_64-pc-linux-gnu/include -DHAVE_BUILD_INFO -D__STDC_FORMAT_MACROS conftest.cpp >&5
configure:25644: $? = 0
configure:25644: result: yes
configure:25657: checking whether htole64 is declared
configure:25657: g++ -std=c++11 -c -g -O2  -I/home/nathan/agrarian/depends/x86_64-pc-linux-gnu/include -DHAVE_BUILD_INFO -D__STDC_FORMAT_MACROS conftest.cpp >&5
configure:25657: $? = 0
configure:25657: result: yes
configure:25670: checking whether be16toh is declared
configure:25670: g++ -std=c++11 -c -g -O2  -I/home/nathan/agrarian/depends/x86_64-pc-linux-gnu/include -DHAVE_BUILD_INFO -D__STDC_FORMAT_MACROS conftest.cpp >&5
configure:25670: $? = 0
configure:25670: result: yes
configure:25683: checking whether be32toh is declared
configure:25683: g++ -std=c++11 -c -g -O2  -I/home/nathan/agrarian/depends/x86_64-pc-linux-gnu/include -DHAVE_BUILD_INFO -D__STDC_FORMAT_MACROS conftest.cpp >&5
configure:25683: $? = 0
configure:25683: result: yes
configure:25696: checking whether be64toh is declared
configure:25696: g++ -std=c++11 -c -g -O2  -I/home/nathan/agrarian/depends/x86_64-pc-linux-gnu/include -DHAVE_BUILD_INFO -D__STDC_FORMAT_MACROS conftest.cpp >&5
configure:25696: $? = 0
configure:25696: result: yes
configure:25709: checking whether htobe16 is declared
configure:25709: g++ -std=c++11 -c -g -O2  -I/home/nathan/agrarian/depends/x86_64-pc-linux-gnu/include -DHAVE_BUILD_INFO -D__STDC_FORMAT_MACROS conftest.cpp >&5
configure:25709: $? = 0
configure:25709: result: yes
configure:25722: checking whether htobe32 is declared
configure:25722: g++ -std=c++11 -c -g -O2  -I/home/nathan/agrarian/depends/x86_64-pc-linux-gnu/include -DHAVE_BUILD_INFO -D__STDC_FORMAT_MACROS conftest.cpp >&5
configure:25722: $? = 0
configure:25722: result: yes
configure:25735: checking whether htobe64 is declared
configure:25735: g++ -std=c++11 -c -g -O2  -I/home/nathan/agrarian/depends/x86_64-pc-linux-gnu/include -DHAVE_BUILD_INFO -D__STDC_FORMAT_MACROS conftest.cpp >&5
configure:25735: $? = 0
configure:25735: result: yes
configure:25750: checking whether bswap_16 is declared
configure:25750: g++ -std=c++11 -c -g -O2  -I/home/nathan/agrarian/depends/x86_64-pc-linux-gnu/include -DHAVE_BUILD_INFO -D__STDC_FORMAT_MACROS conftest.cpp >&5
configure:25750: $? = 0
configure:25750: result: yes
configure:25761: checking whether bswap_32 is declared
configure:25761: g++ -std=c++11 -c -g -O2  -I/home/nathan/agrarian/depends/x86_64-pc-linux-gnu/include -DHAVE_BUILD_INFO -D__STDC_FORMAT_MACROS conftest.cpp >&5
configure:25761: $? = 0
configure:25761: result: yes
configure:25772: checking whether bswap_64 is declared
configure:25772: g++ -std=c++11 -c -g -O2  -I/home/nathan/agrarian/depends/x86_64-pc-linux-gnu/include -DHAVE_BUILD_INFO -D__STDC_FORMAT_MACROS conftest.cpp >&5
configure:25772: $? = 0
configure:25772: result: yes
configure:25785: checking whether __builtin_clz is declared
configure:25785: g++ -std=c++11 -c -g -O2  -I/home/nathan/agrarian/depends/x86_64-pc-linux-gnu/include -DHAVE_BUILD_INFO -D__STDC_FORMAT_MACROS conftest.cpp >&5
configure:25785: $? = 0
configure:25785: result: yes
configure:25793: checking whether __builtin_clzl is declared
configure:25793: g++ -std=c++11 -c -g -O2  -I/home/nathan/agrarian/depends/x86_64-pc-linux-gnu/include -DHAVE_BUILD_INFO -D__STDC_FORMAT_MACROS conftest.cpp >&5
configure:25793: $? = 0
configure:25793: result: yes
configure:25801: checking whether __builtin_clzll is declared
configure:25801: g++ -std=c++11 -c -g -O2  -I/home/nathan/agrarian/depends/x86_64-pc-linux-gnu/include -DHAVE_BUILD_INFO -D__STDC_FORMAT_MACROS conftest.cpp >&5
configure:25801: $? = 0
configure:25801: result: yes
configure:25811: checking for getmemoryinfo
configure:25824: g++ -std=c++11 -c -g -O2 -I/home/nathan/agrarian/depends/x86_64-pc-linux-gnu/include -DHAVE_BUILD_INFO -D__STDC_FORMAT_MACROS conftest.cpp >&5
configure:25824: $? = 0
configure:25826: result: yes
configure:25837: checking for mallopt M_ARENA_MAX
configure:25850: g++ -std=c++11 -c -g -O2 -I/home/nathan/agrarian/depends/x86_64-pc-linux-gnu/include -DHAVE_BUILD_INFO -D__STDC_FORMAT_MACROS conftest.cpp >&5
configure:25850: $? = 0
configure:25852: result: yes
configure:25863: checking for visibility attribute
configure:25872: g++ -std=c++11 -o conftest -g -O2 -I/home/nathan/agrarian/depends/x86_64-pc-linux-gnu/include -DHAVE_BUILD_INFO -D__STDC_FORMAT_MACROS -L/home/nathan/agrarian/depends/x86_64-pc-linux-gnu/lib conftest.cpp  >&5
configure:25872: $? = 0
configure:25878: result: yes
configure:25896: checking for thread_local support
configure:25910: g++ -std=c++11 -o conftest -g -O2 -I/home/nathan/agrarian/depends/x86_64-pc-linux-gnu/include -DHAVE_BUILD_INFO -D__STDC_FORMAT_MACROS -L/home/nathan/agrarian/depends/x86_64-pc-linux-gnu/lib -pthread conftest.cpp  >&5
configure:25910: $? = 0
configure:25916: result: yes
configure:26177: checking for miniupnpc/miniwget.h
configure:26177: g++ -std=c++11 -c -g -O2 -I/home/nathan/agrarian/depends/x86_64-pc-linux-gnu/include -DHAVE_BUILD_INFO -D__STDC_FORMAT_MACROS conftest.cpp >&5
configure:26177: $? = 0
configure:26177: result: yes
configure:26183: checking for upnpDiscover in -lminiupnpc
configure:26205: g++ -std=c++11 -o conftest -g -O2 -I/home/nathan/agrarian/depends/x86_64-pc-linux-gnu/include -DHAVE_BUILD_INFO -D__STDC_FORMAT_MACROS -L/home/nathan/agrarian/depends/x86_64-pc-linux-gnu/lib conftest.cpp -lminiupnpc   >&5
configure:26205: $? = 0
configure:26215: result: yes
configure:26177: checking for miniupnpc/miniupnpc.h
configure:26177: g++ -std=c++11 -c -g -O2 -I/home/nathan/agrarian/depends/x86_64-pc-linux-gnu/include -DHAVE_BUILD_INFO -D__STDC_FORMAT_MACROS conftest.cpp >&5
configure:26177: $? = 0
configure:26177: result: yes
configure:26183: checking for upnpDiscover in -lminiupnpc
configure:26215: result: yes
configure:26177: checking for miniupnpc/upnpcommands.h
configure:26177: g++ -std=c++11 -c -g -O2 -I/home/nathan/agrarian/depends/x86_64-pc-linux-gnu/include -DHAVE_BUILD_INFO -D__STDC_FORMAT_MACROS conftest.cpp >&5
configure:26177: $? = 0
configure:26177: result: yes
configure:26183: checking for upnpDiscover in -lminiupnpc
configure:26215: result: yes
configure:26177: checking for miniupnpc/upnperrors.h
configure:26177: g++ -std=c++11 -c -g -O2 -I/home/nathan/agrarian/depends/x86_64-pc-linux-gnu/include -DHAVE_BUILD_INFO -D__STDC_FORMAT_MACROS conftest.cpp >&5
configure:26177: $? = 0
configure:26177: result: yes
configure:26183: checking for upnpDiscover in -lminiupnpc
configure:26215: result: yes
configure:26320: checking for Qt5Core Qt5Gui Qt5Network Qt5Widgets
configure:26327: $PKG_CONFIG --exists --print-errors "$qt5_modules"
Package Qt5Core was not found in the pkg-config search path.
Perhaps you should add the directory containing `Qt5Core.pc'
to the PKG_CONFIG_PATH environment variable
No package 'Qt5Core' found
Package Qt5Gui was not found in the pkg-config search path.
Perhaps you should add the directory containing `Qt5Gui.pc'
to the PKG_CONFIG_PATH environment variable
No package 'Qt5Gui' found
Package Qt5Network was not found in the pkg-config search path.
Perhaps you should add the directory containing `Qt5Network.pc'
to the PKG_CONFIG_PATH environment variable
No package 'Qt5Network' found
Package Qt5Widgets was not found in the pkg-config search path.
Perhaps you should add the directory containing `Qt5Widgets.pc'
to the PKG_CONFIG_PATH environment variable
No package 'Qt5Widgets' found
configure:26330: $? = 1
configure:26344: $PKG_CONFIG --exists --print-errors "$qt5_modules"
Package Qt5Core was not found in the pkg-config search path.
Perhaps you should add the directory containing `Qt5Core.pc'
to the PKG_CONFIG_PATH environment variable
No package 'Qt5Core' found
Package Qt5Gui was not found in the pkg-config search path.
Perhaps you should add the directory containing `Qt5Gui.pc'
to the PKG_CONFIG_PATH environment variable
No package 'Qt5Gui' found
Package Qt5Network was not found in the pkg-config search path.
Perhaps you should add the directory containing `Qt5Network.pc'
to the PKG_CONFIG_PATH environment variable
No package 'Qt5Network' found
Package Qt5Widgets was not found in the pkg-config search path.
Perhaps you should add the directory containing `Qt5Widgets.pc'
to the PKG_CONFIG_PATH environment variable
No package 'Qt5Widgets' found
configure:26347: $? = 1
configure:26361: result: no
No package 'Qt5Core' found
No package 'Qt5Gui' found
No package 'Qt5Network' found
No package 'Qt5Widgets' found
configure:26395: WARNING: Qt dependencies not found; agrarian-qt frontend will not be built
configure:30589: checking whether to build Agrarian Core GUI
configure:30619: result: no (Qt5)
configure:30695: checking for boostlib >= 1.47.0
configure:30780: g++ -std=c++11 -c -g -O2 -I/home/nathan/agrarian/depends/x86_64-pc-linux-gnu/include -DHAVE_BUILD_INFO -D__STDC_FORMAT_MACROS  conftest.cpp >&5
conftest.cpp:71:14: fatal error: boost/version.hpp: No such file or directory
   71 |     #include <boost/version.hpp>
      |              ^~~~~~~~~~~~~~~~~~~
compilation terminated.
configure:30780: $? = 1
configure: failed program was:
| /* confdefs.h */
| #define PACKAGE_NAME "Agrarian Core"
| #define PACKAGE_TARNAME "agrarian"
| #define PACKAGE_VERSION "1.0.0"
| #define PACKAGE_STRING "Agrarian Core 1.0.0"
| #define PACKAGE_BUGREPORT "www.agrarian.org"
| #define PACKAGE_URL ""
| #define HAVE_CXX11 1
| #define HAVE_STDIO_H 1
| #define HAVE_STDLIB_H 1
| #define HAVE_STRING_H 1
| #define HAVE_INTTYPES_H 1
| #define HAVE_STDINT_H 1
| #define HAVE_STRINGS_H 1
| #define HAVE_SYS_STAT_H 1
| #define HAVE_SYS_TYPES_H 1
| #define HAVE_UNISTD_H 1
| #define STDC_HEADERS 1
| #define HAVE_DLFCN_H 1
| #define LT_OBJDIR ".libs/"
| #define USE_ASM 1
| #define ENABLE_SSE41 1
| #define ENABLE_AVX2 1
| #define ENABLE_SHANI 1
| #define HAVE_PTHREAD_PRIO_INHERIT 1
| #define HAVE_PTHREAD 1
| #define HAVE_DECL_STRERROR_R 1
| #define HAVE_STRERROR_R 1
| #define STRERROR_R_CHAR_P 1
| #define HAVE_FUNC_ATTRIBUTE_VISIBILITY 1
| #define HAVE_ENDIAN_H 1
| #define HAVE_BYTESWAP_H 1
| #define HAVE_STDIO_H 1
| #define HAVE_STDLIB_H 1
| #define HAVE_UNISTD_H 1
| #define HAVE_STRINGS_H 1
| #define HAVE_SYS_TYPES_H 1
| #define HAVE_SYS_STAT_H 1
| #define HAVE_SYS_SELECT_H 1
| #define HAVE_SYS_PRCTL_H 1
| #define HAVE_DECL_STRNLEN 1
| #define HAVE_DECL_DAEMON 1
| #define HAVE_DECL_LE16TOH 1
| #define HAVE_DECL_LE32TOH 1
| #define HAVE_DECL_LE64TOH 1
| #define HAVE_DECL_HTOLE16 1
| #define HAVE_DECL_HTOLE32 1
| #define HAVE_DECL_HTOLE64 1
| #define HAVE_DECL_BE16TOH 1
| #define HAVE_DECL_BE32TOH 1
| #define HAVE_DECL_BE64TOH 1
| #define HAVE_DECL_HTOBE16 1
| #define HAVE_DECL_HTOBE32 1
| #define HAVE_DECL_HTOBE64 1
| #define HAVE_DECL_BSWAP_16 1
| #define HAVE_DECL_BSWAP_32 1
| #define HAVE_DECL_BSWAP_64 1
| #define HAVE_DECL___BUILTIN_CLZ 1
| #define HAVE_DECL___BUILTIN_CLZL 1
| #define HAVE_DECL___BUILTIN_CLZLL 1
| #define HAVE_MALLOC_INFO 1
| #define HAVE_MALLOPT_ARENA_MAX 1
| #define HAVE_VISIBILITY_ATTRIBUTE 1
| #define HAVE_THREAD_LOCAL 1
| #define HAVE_MINIUPNPC_MINIWGET_H 1
| #define HAVE_MINIUPNPC_MINIUPNPC_H 1
| #define HAVE_MINIUPNPC_UPNPCOMMANDS_H 1
| #define HAVE_MINIUPNPC_UPNPERRORS_H 1
| /* end confdefs.h.  */
| 
|     #include <boost/version.hpp>
| 
| int
| main (void)
| {
| 
|     #if BOOST_VERSION >= 104700
|     // Everything is okay
|     #else
|     #  error Boost version is too old
|     #endif
| 
|   ;
|   return 0;
| }
configure:30896: g++ -std=c++11 -c -g -O2 -I/home/nathan/agrarian/depends/x86_64-pc-linux-gnu/include -DHAVE_BUILD_INFO -D__STDC_FORMAT_MACROS -I/include/boost-0 conftest.cpp >&5
conftest.cpp:71:18: fatal error: boost/version.hpp: No such file or directory
   71 |         #include <boost/version.hpp>
      |                  ^~~~~~~~~~~~~~~~~~~
compilation terminated.
configure:30896: $? = 1
configure: failed program was:
| /* confdefs.h */
| #define PACKAGE_NAME "Agrarian Core"
| #define PACKAGE_TARNAME "agrarian"
| #define PACKAGE_VERSION "1.0.0"
| #define PACKAGE_STRING "Agrarian Core 1.0.0"
| #define PACKAGE_BUGREPORT "www.agrarian.org"
| #define PACKAGE_URL ""
| #define HAVE_CXX11 1
| #define HAVE_STDIO_H 1
| #define HAVE_STDLIB_H 1
| #define HAVE_STRING_H 1
| #define HAVE_INTTYPES_H 1
| #define HAVE_STDINT_H 1
| #define HAVE_STRINGS_H 1
| #define HAVE_SYS_STAT_H 1
| #define HAVE_SYS_TYPES_H 1
| #define HAVE_UNISTD_H 1
| #define STDC_HEADERS 1
| #define HAVE_DLFCN_H 1
| #define LT_OBJDIR ".libs/"
| #define USE_ASM 1
| #define ENABLE_SSE41 1
| #define ENABLE_AVX2 1
| #define ENABLE_SHANI 1
| #define HAVE_PTHREAD_PRIO_INHERIT 1
| #define HAVE_PTHREAD 1
| #define HAVE_DECL_STRERROR_R 1
| #define HAVE_STRERROR_R 1
| #define STRERROR_R_CHAR_P 1
| #define HAVE_FUNC_ATTRIBUTE_VISIBILITY 1
| #define HAVE_ENDIAN_H 1
| #define HAVE_BYTESWAP_H 1
| #define HAVE_STDIO_H 1
| #define HAVE_STDLIB_H 1
| #define HAVE_UNISTD_H 1
| #define HAVE_STRINGS_H 1
| #define HAVE_SYS_TYPES_H 1
| #define HAVE_SYS_STAT_H 1
| #define HAVE_SYS_SELECT_H 1
| #define HAVE_SYS_PRCTL_H 1
| #define HAVE_DECL_STRNLEN 1
| #define HAVE_DECL_DAEMON 1
| #define HAVE_DECL_LE16TOH 1
| #define HAVE_DECL_LE32TOH 1
| #define HAVE_DECL_LE64TOH 1
| #define HAVE_DECL_HTOLE16 1
| #define HAVE_DECL_HTOLE32 1
| #define HAVE_DECL_HTOLE64 1
| #define HAVE_DECL_BE16TOH 1
| #define HAVE_DECL_BE32TOH 1
| #define HAVE_DECL_BE64TOH 1
| #define HAVE_DECL_HTOBE16 1
| #define HAVE_DECL_HTOBE32 1
| #define HAVE_DECL_HTOBE64 1
| #define HAVE_DECL_BSWAP_16 1
| #define HAVE_DECL_BSWAP_32 1
| #define HAVE_DECL_BSWAP_64 1
| #define HAVE_DECL___BUILTIN_CLZ 1
| #define HAVE_DECL___BUILTIN_CLZL 1
| #define HAVE_DECL___BUILTIN_CLZLL 1
| #define HAVE_MALLOC_INFO 1
| #define HAVE_MALLOPT_ARENA_MAX 1
| #define HAVE_VISIBILITY_ATTRIBUTE 1
| #define HAVE_THREAD_LOCAL 1
| #define HAVE_MINIUPNPC_MINIWGET_H 1
| #define HAVE_MINIUPNPC_MINIUPNPC_H 1
| #define HAVE_MINIUPNPC_UPNPCOMMANDS_H 1
| #define HAVE_MINIUPNPC_UPNPERRORS_H 1
| /* end confdefs.h.  */
| 
|         #include <boost/version.hpp>
| 
| int
| main (void)
| {
| 
|         #if BOOST_VERSION >= 104700
|         // Everything is okay
|         #else
|         #  error Boost version is too old
|         #endif
| 
|   ;
|   return 0;
| }
configure:30916: We could not detect the boost libraries (version 1.47 or higher). If you have a staged boost library (still not installed) please specify $BOOST_ROOT in your environment and do not give a PATH to --with-boost option.  If you are sure you have boost installed, then check your version number looking in <boost/version.hpp>. See http://randspringer.de/boost for more documentation.
configure:30975: checking whether the Boost::System library is available
configure:31001: g++ -std=c++11 -c  -I/home/nathan/agrarian/depends/x86_64-pc-linux-gnu/include -DHAVE_BUILD_INFO -D__STDC_FORMAT_MACROS -I/include/boost-0 conftest.cpp >&5
conftest.cpp:70:10: fatal error: boost/system/error_code.hpp: No such file or directory
   70 | #include <boost/system/error_code.hpp>
      |          ^~~~~~~~~~~~~~~~~~~~~~~~~~~~~
compilation terminated.
configure:31001: $? = 1
configure: failed program was:
| /* confdefs.h */
| #define PACKAGE_NAME "Agrarian Core"
| #define PACKAGE_TARNAME "agrarian"
| #define PACKAGE_VERSION "1.0.0"
| #define PACKAGE_STRING "Agrarian Core 1.0.0"
| #define PACKAGE_BUGREPORT "www.agrarian.org"
| #define PACKAGE_URL ""
| #define HAVE_CXX11 1
| #define HAVE_STDIO_H 1
| #define HAVE_STDLIB_H 1
| #define HAVE_STRING_H 1
| #define HAVE_INTTYPES_H 1
| #define HAVE_STDINT_H 1
| #define HAVE_STRINGS_H 1
| #define HAVE_SYS_STAT_H 1
| #define HAVE_SYS_TYPES_H 1
| #define HAVE_UNISTD_H 1
| #define STDC_HEADERS 1
| #define HAVE_DLFCN_H 1
| #define LT_OBJDIR ".libs/"
| #define USE_ASM 1
| #define ENABLE_SSE41 1
| #define ENABLE_AVX2 1
| #define ENABLE_SHANI 1
| #define HAVE_PTHREAD_PRIO_INHERIT 1
| #define HAVE_PTHREAD 1
| #define HAVE_DECL_STRERROR_R 1
| #define HAVE_STRERROR_R 1
| #define STRERROR_R_CHAR_P 1
| #define HAVE_FUNC_ATTRIBUTE_VISIBILITY 1
| #define HAVE_ENDIAN_H 1
| #define HAVE_BYTESWAP_H 1
| #define HAVE_STDIO_H 1
| #define HAVE_STDLIB_H 1
| #define HAVE_UNISTD_H 1
| #define HAVE_STRINGS_H 1
| #define HAVE_SYS_TYPES_H 1
| #define HAVE_SYS_STAT_H 1
| #define HAVE_SYS_SELECT_H 1
| #define HAVE_SYS_PRCTL_H 1
| #define HAVE_DECL_STRNLEN 1
| #define HAVE_DECL_DAEMON 1
| #define HAVE_DECL_LE16TOH 1
| #define HAVE_DECL_LE32TOH 1
| #define HAVE_DECL_LE64TOH 1
| #define HAVE_DECL_HTOLE16 1
| #define HAVE_DECL_HTOLE32 1
| #define HAVE_DECL_HTOLE64 1
| #define HAVE_DECL_BE16TOH 1
| #define HAVE_DECL_BE32TOH 1
| #define HAVE_DECL_BE64TOH 1
| #define HAVE_DECL_HTOBE16 1
| #define HAVE_DECL_HTOBE32 1
| #define HAVE_DECL_HTOBE64 1
| #define HAVE_DECL_BSWAP_16 1
| #define HAVE_DECL_BSWAP_32 1
| #define HAVE_DECL_BSWAP_64 1
| #define HAVE_DECL___BUILTIN_CLZ 1
| #define HAVE_DECL___BUILTIN_CLZL 1
| #define HAVE_DECL___BUILTIN_CLZLL 1
| #define HAVE_MALLOC_INFO 1
| #define HAVE_MALLOPT_ARENA_MAX 1
| #define HAVE_VISIBILITY_ATTRIBUTE 1
| #define HAVE_THREAD_LOCAL 1
| #define HAVE_MINIUPNPC_MINIWGET_H 1
| #define HAVE_MINIUPNPC_MINIUPNPC_H 1
| #define HAVE_MINIUPNPC_UPNPCOMMANDS_H 1
| #define HAVE_MINIUPNPC_UPNPERRORS_H 1
| /* end confdefs.h.  */
| #include <boost/system/error_code.hpp>
| int
| main (void)
| {
| boost::system::error_category *a = 0;
|   ;
|   return 0;
| }
configure:31017: result: no
configure:31221: checking whether the Boost::Filesystem library is available
configure:31246: g++ -std=c++11 -c -g -O2 -I/home/nathan/agrarian/depends/x86_64-pc-linux-gnu/include -DHAVE_BUILD_INFO -D__STDC_FORMAT_MACROS -I/include/boost-0 conftest.cpp >&5
conftest.cpp:70:10: fatal error: boost/filesystem/path.hpp: No such file or directory
   70 | #include <boost/filesystem/path.hpp>
      |          ^~~~~~~~~~~~~~~~~~~~~~~~~~~
compilation terminated.
configure:31246: $? = 1
configure: failed program was:
| /* confdefs.h */
| #define PACKAGE_NAME "Agrarian Core"
| #define PACKAGE_TARNAME "agrarian"
| #define PACKAGE_VERSION "1.0.0"
| #define PACKAGE_STRING "Agrarian Core 1.0.0"
| #define PACKAGE_BUGREPORT "www.agrarian.org"
| #define PACKAGE_URL ""
| #define HAVE_CXX11 1
| #define HAVE_STDIO_H 1
| #define HAVE_STDLIB_H 1
| #define HAVE_STRING_H 1
| #define HAVE_INTTYPES_H 1
| #define HAVE_STDINT_H 1
| #define HAVE_STRINGS_H 1
| #define HAVE_SYS_STAT_H 1
| #define HAVE_SYS_TYPES_H 1
| #define HAVE_UNISTD_H 1
| #define STDC_HEADERS 1
| #define HAVE_DLFCN_H 1
| #define LT_OBJDIR ".libs/"
| #define USE_ASM 1
| #define ENABLE_SSE41 1
| #define ENABLE_AVX2 1
| #define ENABLE_SHANI 1
| #define HAVE_PTHREAD_PRIO_INHERIT 1
| #define HAVE_PTHREAD 1
| #define HAVE_DECL_STRERROR_R 1
| #define HAVE_STRERROR_R 1
| #define STRERROR_R_CHAR_P 1
| #define HAVE_FUNC_ATTRIBUTE_VISIBILITY 1
| #define HAVE_ENDIAN_H 1
| #define HAVE_BYTESWAP_H 1
| #define HAVE_STDIO_H 1
| #define HAVE_STDLIB_H 1
| #define HAVE_UNISTD_H 1
| #define HAVE_STRINGS_H 1
| #define HAVE_SYS_TYPES_H 1
| #define HAVE_SYS_STAT_H 1
| #define HAVE_SYS_SELECT_H 1
| #define HAVE_SYS_PRCTL_H 1
| #define HAVE_DECL_STRNLEN 1
| #define HAVE_DECL_DAEMON 1
| #define HAVE_DECL_LE16TOH 1
| #define HAVE_DECL_LE32TOH 1
| #define HAVE_DECL_LE64TOH 1
| #define HAVE_DECL_HTOLE16 1
| #define HAVE_DECL_HTOLE32 1
| #define HAVE_DECL_HTOLE64 1
| #define HAVE_DECL_BE16TOH 1
| #define HAVE_DECL_BE32TOH 1
| #define HAVE_DECL_BE64TOH 1
| #define HAVE_DECL_HTOBE16 1
| #define HAVE_DECL_HTOBE32 1
| #define HAVE_DECL_HTOBE64 1
| #define HAVE_DECL_BSWAP_16 1
| #define HAVE_DECL_BSWAP_32 1
| #define HAVE_DECL_BSWAP_64 1
| #define HAVE_DECL___BUILTIN_CLZ 1
| #define HAVE_DECL___BUILTIN_CLZL 1
| #define HAVE_DECL___BUILTIN_CLZLL 1
| #define HAVE_MALLOC_INFO 1
| #define HAVE_MALLOPT_ARENA_MAX 1
| #define HAVE_VISIBILITY_ATTRIBUTE 1
| #define HAVE_THREAD_LOCAL 1
| #define HAVE_MINIUPNPC_MINIWGET_H 1
| #define HAVE_MINIUPNPC_MINIUPNPC_H 1
| #define HAVE_MINIUPNPC_UPNPCOMMANDS_H 1
| #define HAVE_MINIUPNPC_UPNPERRORS_H 1
| /* end confdefs.h.  */
| #include <boost/filesystem/path.hpp>
| int
| main (void)
| {
| using namespace boost::filesystem;
|                                    path my_path( "foo/bar/data.txt" );
|                                    return 0;
|   ;
|   return 0;
| }
configure:31261: result: no
configure:31456: checking whether the Boost::Program_Options library is available
configure:31481: g++ -std=c++11 -c -g -O2 -I/home/nathan/agrarian/depends/x86_64-pc-linux-gnu/include -DHAVE_BUILD_INFO -D__STDC_FORMAT_MACROS -I/include/boost-0 conftest.cpp >&5
conftest.cpp:70:10: fatal error: boost/program_options/errors.hpp: No such file or directory
   70 | #include <boost/program_options/errors.hpp>
      |          ^~~~~~~~~~~~~~~~~~~~~~~~~~~~~~~~~~
compilation terminated.
configure:31481: $? = 1
configure: failed program was:
| /* confdefs.h */
| #define PACKAGE_NAME "Agrarian Core"
| #define PACKAGE_TARNAME "agrarian"
| #define PACKAGE_VERSION "1.0.0"
| #define PACKAGE_STRING "Agrarian Core 1.0.0"
| #define PACKAGE_BUGREPORT "www.agrarian.org"
| #define PACKAGE_URL ""
| #define HAVE_CXX11 1
| #define HAVE_STDIO_H 1
| #define HAVE_STDLIB_H 1
| #define HAVE_STRING_H 1
| #define HAVE_INTTYPES_H 1
| #define HAVE_STDINT_H 1
| #define HAVE_STRINGS_H 1
| #define HAVE_SYS_STAT_H 1
| #define HAVE_SYS_TYPES_H 1
| #define HAVE_UNISTD_H 1
| #define STDC_HEADERS 1
| #define HAVE_DLFCN_H 1
| #define LT_OBJDIR ".libs/"
| #define USE_ASM 1
| #define ENABLE_SSE41 1
| #define ENABLE_AVX2 1
| #define ENABLE_SHANI 1
| #define HAVE_PTHREAD_PRIO_INHERIT 1
| #define HAVE_PTHREAD 1
| #define HAVE_DECL_STRERROR_R 1
| #define HAVE_STRERROR_R 1
| #define STRERROR_R_CHAR_P 1
| #define HAVE_FUNC_ATTRIBUTE_VISIBILITY 1
| #define HAVE_ENDIAN_H 1
| #define HAVE_BYTESWAP_H 1
| #define HAVE_STDIO_H 1
| #define HAVE_STDLIB_H 1
| #define HAVE_UNISTD_H 1
| #define HAVE_STRINGS_H 1
| #define HAVE_SYS_TYPES_H 1
| #define HAVE_SYS_STAT_H 1
| #define HAVE_SYS_SELECT_H 1
| #define HAVE_SYS_PRCTL_H 1
| #define HAVE_DECL_STRNLEN 1
| #define HAVE_DECL_DAEMON 1
| #define HAVE_DECL_LE16TOH 1
| #define HAVE_DECL_LE32TOH 1
| #define HAVE_DECL_LE64TOH 1
| #define HAVE_DECL_HTOLE16 1
| #define HAVE_DECL_HTOLE32 1
| #define HAVE_DECL_HTOLE64 1
| #define HAVE_DECL_BE16TOH 1
| #define HAVE_DECL_BE32TOH 1
| #define HAVE_DECL_BE64TOH 1
| #define HAVE_DECL_HTOBE16 1
| #define HAVE_DECL_HTOBE32 1
| #define HAVE_DECL_HTOBE64 1
| #define HAVE_DECL_BSWAP_16 1
| #define HAVE_DECL_BSWAP_32 1
| #define HAVE_DECL_BSWAP_64 1
| #define HAVE_DECL___BUILTIN_CLZ 1
| #define HAVE_DECL___BUILTIN_CLZL 1
| #define HAVE_DECL___BUILTIN_CLZLL 1
| #define HAVE_MALLOC_INFO 1
| #define HAVE_MALLOPT_ARENA_MAX 1
| #define HAVE_VISIBILITY_ATTRIBUTE 1
| #define HAVE_THREAD_LOCAL 1
| #define HAVE_MINIUPNPC_MINIWGET_H 1
| #define HAVE_MINIUPNPC_MINIUPNPC_H 1
| #define HAVE_MINIUPNPC_UPNPCOMMANDS_H 1
| #define HAVE_MINIUPNPC_UPNPERRORS_H 1
| /* end confdefs.h.  */
| #include <boost/program_options/errors.hpp>
| 
| int
| main (void)
| {
| boost::program_options::error err("Error message");
|                                    return 0;
|   ;
|   return 0;
| }
configure:31496: result: no
configure:31689: checking whether the Boost::Thread library is available
configure:31722: g++ -std=c++11 -c -pthread -g -O2 -I/home/nathan/agrarian/depends/x86_64-pc-linux-gnu/include -DHAVE_BUILD_INFO -D__STDC_FORMAT_MACROS -I/include/boost-0 conftest.cpp >&5
conftest.cpp:70:10: fatal error: boost/thread/thread.hpp: No such file or directory
   70 | #include <boost/thread/thread.hpp>
      |          ^~~~~~~~~~~~~~~~~~~~~~~~~
compilation terminated.
configure:31722: $? = 1
configure: failed program was:
| /* confdefs.h */
| #define PACKAGE_NAME "Agrarian Core"
| #define PACKAGE_TARNAME "agrarian"
| #define PACKAGE_VERSION "1.0.0"
| #define PACKAGE_STRING "Agrarian Core 1.0.0"
| #define PACKAGE_BUGREPORT "www.agrarian.org"
| #define PACKAGE_URL ""
| #define HAVE_CXX11 1
| #define HAVE_STDIO_H 1
| #define HAVE_STDLIB_H 1
| #define HAVE_STRING_H 1
| #define HAVE_INTTYPES_H 1
| #define HAVE_STDINT_H 1
| #define HAVE_STRINGS_H 1
| #define HAVE_SYS_STAT_H 1
| #define HAVE_SYS_TYPES_H 1
| #define HAVE_UNISTD_H 1
| #define STDC_HEADERS 1
| #define HAVE_DLFCN_H 1
| #define LT_OBJDIR ".libs/"
| #define USE_ASM 1
| #define ENABLE_SSE41 1
| #define ENABLE_AVX2 1
| #define ENABLE_SHANI 1
| #define HAVE_PTHREAD_PRIO_INHERIT 1
| #define HAVE_PTHREAD 1
| #define HAVE_DECL_STRERROR_R 1
| #define HAVE_STRERROR_R 1
| #define STRERROR_R_CHAR_P 1
| #define HAVE_FUNC_ATTRIBUTE_VISIBILITY 1
| #define HAVE_ENDIAN_H 1
| #define HAVE_BYTESWAP_H 1
| #define HAVE_STDIO_H 1
| #define HAVE_STDLIB_H 1
| #define HAVE_UNISTD_H 1
| #define HAVE_STRINGS_H 1
| #define HAVE_SYS_TYPES_H 1
| #define HAVE_SYS_STAT_H 1
| #define HAVE_SYS_SELECT_H 1
| #define HAVE_SYS_PRCTL_H 1
| #define HAVE_DECL_STRNLEN 1
| #define HAVE_DECL_DAEMON 1
| #define HAVE_DECL_LE16TOH 1
| #define HAVE_DECL_LE32TOH 1
| #define HAVE_DECL_LE64TOH 1
| #define HAVE_DECL_HTOLE16 1
| #define HAVE_DECL_HTOLE32 1
| #define HAVE_DECL_HTOLE64 1
| #define HAVE_DECL_BE16TOH 1
| #define HAVE_DECL_BE32TOH 1
| #define HAVE_DECL_BE64TOH 1
| #define HAVE_DECL_HTOBE16 1
| #define HAVE_DECL_HTOBE32 1
| #define HAVE_DECL_HTOBE64 1
| #define HAVE_DECL_BSWAP_16 1
| #define HAVE_DECL_BSWAP_32 1
| #define HAVE_DECL_BSWAP_64 1
| #define HAVE_DECL___BUILTIN_CLZ 1
| #define HAVE_DECL___BUILTIN_CLZL 1
| #define HAVE_DECL___BUILTIN_CLZLL 1
| #define HAVE_MALLOC_INFO 1
| #define HAVE_MALLOPT_ARENA_MAX 1
| #define HAVE_VISIBILITY_ATTRIBUTE 1
| #define HAVE_THREAD_LOCAL 1
| #define HAVE_MINIUPNPC_MINIWGET_H 1
| #define HAVE_MINIUPNPC_MINIUPNPC_H 1
| #define HAVE_MINIUPNPC_UPNPCOMMANDS_H 1
| #define HAVE_MINIUPNPC_UPNPERRORS_H 1
| /* end confdefs.h.  */
| #include <boost/thread/thread.hpp>
| int
| main (void)
| {
| boost::thread_group thrds;
|                                    return 0;
|   ;
|   return 0;
| }
configure:31738: result: no
configure:31961: checking whether the Boost::Chrono library is available
configure:31986: g++ -std=c++11 -c -g -O2 -I/home/nathan/agrarian/depends/x86_64-pc-linux-gnu/include -DHAVE_BUILD_INFO -D__STDC_FORMAT_MACROS -I/include/boost-0 conftest.cpp >&5
conftest.cpp:70:10: fatal error: boost/chrono.hpp: No such file or directory
   70 | #include <boost/chrono.hpp>
      |          ^~~~~~~~~~~~~~~~~~
compilation terminated.
configure:31986: $? = 1
configure: failed program was:
| /* confdefs.h */
| #define PACKAGE_NAME "Agrarian Core"
| #define PACKAGE_TARNAME "agrarian"
| #define PACKAGE_VERSION "1.0.0"
| #define PACKAGE_STRING "Agrarian Core 1.0.0"
| #define PACKAGE_BUGREPORT "www.agrarian.org"
| #define PACKAGE_URL ""
| #define HAVE_CXX11 1
| #define HAVE_STDIO_H 1
| #define HAVE_STDLIB_H 1
| #define HAVE_STRING_H 1
| #define HAVE_INTTYPES_H 1
| #define HAVE_STDINT_H 1
| #define HAVE_STRINGS_H 1
| #define HAVE_SYS_STAT_H 1
| #define HAVE_SYS_TYPES_H 1
| #define HAVE_UNISTD_H 1
| #define STDC_HEADERS 1
| #define HAVE_DLFCN_H 1
| #define LT_OBJDIR ".libs/"
| #define USE_ASM 1
| #define ENABLE_SSE41 1
| #define ENABLE_AVX2 1
| #define ENABLE_SHANI 1
| #define HAVE_PTHREAD_PRIO_INHERIT 1
| #define HAVE_PTHREAD 1
| #define HAVE_DECL_STRERROR_R 1
| #define HAVE_STRERROR_R 1
| #define STRERROR_R_CHAR_P 1
| #define HAVE_FUNC_ATTRIBUTE_VISIBILITY 1
| #define HAVE_ENDIAN_H 1
| #define HAVE_BYTESWAP_H 1
| #define HAVE_STDIO_H 1
| #define HAVE_STDLIB_H 1
| #define HAVE_UNISTD_H 1
| #define HAVE_STRINGS_H 1
| #define HAVE_SYS_TYPES_H 1
| #define HAVE_SYS_STAT_H 1
| #define HAVE_SYS_SELECT_H 1
| #define HAVE_SYS_PRCTL_H 1
| #define HAVE_DECL_STRNLEN 1
| #define HAVE_DECL_DAEMON 1
| #define HAVE_DECL_LE16TOH 1
| #define HAVE_DECL_LE32TOH 1
| #define HAVE_DECL_LE64TOH 1
| #define HAVE_DECL_HTOLE16 1
| #define HAVE_DECL_HTOLE32 1
| #define HAVE_DECL_HTOLE64 1
| #define HAVE_DECL_BE16TOH 1
| #define HAVE_DECL_BE32TOH 1
| #define HAVE_DECL_BE64TOH 1
| #define HAVE_DECL_HTOBE16 1
| #define HAVE_DECL_HTOBE32 1
| #define HAVE_DECL_HTOBE64 1
| #define HAVE_DECL_BSWAP_16 1
| #define HAVE_DECL_BSWAP_32 1
| #define HAVE_DECL_BSWAP_64 1
| #define HAVE_DECL___BUILTIN_CLZ 1
| #define HAVE_DECL___BUILTIN_CLZL 1
| #define HAVE_DECL___BUILTIN_CLZLL 1
| #define HAVE_MALLOC_INFO 1
| #define HAVE_MALLOPT_ARENA_MAX 1
| #define HAVE_VISIBILITY_ATTRIBUTE 1
| #define HAVE_THREAD_LOCAL 1
| #define HAVE_MINIUPNPC_MINIWGET_H 1
| #define HAVE_MINIUPNPC_MINIUPNPC_H 1
| #define HAVE_MINIUPNPC_UPNPCOMMANDS_H 1
| #define HAVE_MINIUPNPC_UPNPERRORS_H 1
| /* end confdefs.h.  */
| #include <boost/chrono.hpp>
| int
| main (void)
| {
| boost::chrono::system_clock::time_point* time = new boost::chrono::system_clock::time_point; delete time;
|   ;
|   return 0;
| }
configure:32002: result: no
configure:32488: checking for mismatched boost c++11 scoped enums
configure:32516: g++ -std=c++11 -o conftest -g -O2 -I/home/nathan/agrarian/depends/x86_64-pc-linux-gnu/include -DHAVE_BUILD_INFO -D__STDC_FORMAT_MACROS -DBOOST_SP_USE_STD_ATOMIC -DBOOST_AC_USE_STD_ATOMIC -I/include/boost-0 -L/home/nathan/agrarian/depends/x86_64-pc-linux-gnu/lib conftest.cpp -L/lib64       >&5
conftest.cpp:71:12: fatal error: boost/config.hpp: No such file or directory
   71 |   #include <boost/config.hpp>
      |            ^~~~~~~~~~~~~~~~~~
compilation terminated.
configure:32516: $? = 1
configure: failed program was:
| /* confdefs.h */
| #define PACKAGE_NAME "Agrarian Core"
| #define PACKAGE_TARNAME "agrarian"
| #define PACKAGE_VERSION "1.0.0"
| #define PACKAGE_STRING "Agrarian Core 1.0.0"
| #define PACKAGE_BUGREPORT "www.agrarian.org"
| #define PACKAGE_URL ""
| #define HAVE_CXX11 1
| #define HAVE_STDIO_H 1
| #define HAVE_STDLIB_H 1
| #define HAVE_STRING_H 1
| #define HAVE_INTTYPES_H 1
| #define HAVE_STDINT_H 1
| #define HAVE_STRINGS_H 1
| #define HAVE_SYS_STAT_H 1
| #define HAVE_SYS_TYPES_H 1
| #define HAVE_UNISTD_H 1
| #define STDC_HEADERS 1
| #define HAVE_DLFCN_H 1
| #define LT_OBJDIR ".libs/"
| #define USE_ASM 1
| #define ENABLE_SSE41 1
| #define ENABLE_AVX2 1
| #define ENABLE_SHANI 1
| #define HAVE_PTHREAD_PRIO_INHERIT 1
| #define HAVE_PTHREAD 1
| #define HAVE_DECL_STRERROR_R 1
| #define HAVE_STRERROR_R 1
| #define STRERROR_R_CHAR_P 1
| #define HAVE_FUNC_ATTRIBUTE_VISIBILITY 1
| #define HAVE_ENDIAN_H 1
| #define HAVE_BYTESWAP_H 1
| #define HAVE_STDIO_H 1
| #define HAVE_STDLIB_H 1
| #define HAVE_UNISTD_H 1
| #define HAVE_STRINGS_H 1
| #define HAVE_SYS_TYPES_H 1
| #define HAVE_SYS_STAT_H 1
| #define HAVE_SYS_SELECT_H 1
| #define HAVE_SYS_PRCTL_H 1
| #define HAVE_DECL_STRNLEN 1
| #define HAVE_DECL_DAEMON 1
| #define HAVE_DECL_LE16TOH 1
| #define HAVE_DECL_LE32TOH 1
| #define HAVE_DECL_LE64TOH 1
| #define HAVE_DECL_HTOLE16 1
| #define HAVE_DECL_HTOLE32 1
| #define HAVE_DECL_HTOLE64 1
| #define HAVE_DECL_BE16TOH 1
| #define HAVE_DECL_BE32TOH 1
| #define HAVE_DECL_BE64TOH 1
| #define HAVE_DECL_HTOBE16 1
| #define HAVE_DECL_HTOBE32 1
| #define HAVE_DECL_HTOBE64 1
| #define HAVE_DECL_BSWAP_16 1
| #define HAVE_DECL_BSWAP_32 1
| #define HAVE_DECL_BSWAP_64 1
| #define HAVE_DECL___BUILTIN_CLZ 1
| #define HAVE_DECL___BUILTIN_CLZL 1
| #define HAVE_DECL___BUILTIN_CLZLL 1
| #define HAVE_MALLOC_INFO 1
| #define HAVE_MALLOPT_ARENA_MAX 1
| #define HAVE_VISIBILITY_ATTRIBUTE 1
| #define HAVE_THREAD_LOCAL 1
| #define HAVE_MINIUPNPC_MINIWGET_H 1
| #define HAVE_MINIUPNPC_MINIUPNPC_H 1
| #define HAVE_MINIUPNPC_UPNPCOMMANDS_H 1
| #define HAVE_MINIUPNPC_UPNPERRORS_H 1
| /* end confdefs.h.  */
| 
|   #include <boost/config.hpp>
|   #include <boost/version.hpp>
|   #if !defined(BOOST_NO_SCOPED_ENUMS) && !defined(BOOST_NO_CXX11_SCOPED_ENUMS) && BOOST_VERSION < 105700
|   #define BOOST_NO_SCOPED_ENUMS
|   #define BOOST_NO_CXX11_SCOPED_ENUMS
|   #define CHECK
|   #endif
|   #include <boost/filesystem.hpp>
| 
| int
| main (void)
| {
| 
|   #if defined(CHECK)
|     boost::filesystem::copy_file("foo", "bar");
|   #else
|     choke;
|   #endif
| 
|   ;
|   return 0;
| }
configure:32521: result: ok
configure:32553: g++ -std=c++11 -o conftest -g -O2 -I/home/nathan/agrarian/depends/x86_64-pc-linux-gnu/include -DHAVE_BUILD_INFO -D__STDC_FORMAT_MACROS -DBOOST_SP_USE_STD_ATOMIC -DBOOST_AC_USE_STD_ATOMIC -I/include/boost-0 -L/home/nathan/agrarian/depends/x86_64-pc-linux-gnu/lib conftest.cpp -L/lib64       >&5
conftest.cpp:71:12: fatal error: boost/thread/thread.hpp: No such file or directory
   71 |   #include <boost/thread/thread.hpp>
      |            ^~~~~~~~~~~~~~~~~~~~~~~~~
compilation terminated.
configure:32553: $? = 1
configure: failed program was:
| /* confdefs.h */
| #define PACKAGE_NAME "Agrarian Core"
| #define PACKAGE_TARNAME "agrarian"
| #define PACKAGE_VERSION "1.0.0"
| #define PACKAGE_STRING "Agrarian Core 1.0.0"
| #define PACKAGE_BUGREPORT "www.agrarian.org"
| #define PACKAGE_URL ""
| #define HAVE_CXX11 1
| #define HAVE_STDIO_H 1
| #define HAVE_STDLIB_H 1
| #define HAVE_STRING_H 1
| #define HAVE_INTTYPES_H 1
| #define HAVE_STDINT_H 1
| #define HAVE_STRINGS_H 1
| #define HAVE_SYS_STAT_H 1
| #define HAVE_SYS_TYPES_H 1
| #define HAVE_UNISTD_H 1
| #define STDC_HEADERS 1
| #define HAVE_DLFCN_H 1
| #define LT_OBJDIR ".libs/"
| #define USE_ASM 1
| #define ENABLE_SSE41 1
| #define ENABLE_AVX2 1
| #define ENABLE_SHANI 1
| #define HAVE_PTHREAD_PRIO_INHERIT 1
| #define HAVE_PTHREAD 1
| #define HAVE_DECL_STRERROR_R 1
| #define HAVE_STRERROR_R 1
| #define STRERROR_R_CHAR_P 1
| #define HAVE_FUNC_ATTRIBUTE_VISIBILITY 1
| #define HAVE_ENDIAN_H 1
| #define HAVE_BYTESWAP_H 1
| #define HAVE_STDIO_H 1
| #define HAVE_STDLIB_H 1
| #define HAVE_UNISTD_H 1
| #define HAVE_STRINGS_H 1
| #define HAVE_SYS_TYPES_H 1
| #define HAVE_SYS_STAT_H 1
| #define HAVE_SYS_SELECT_H 1
| #define HAVE_SYS_PRCTL_H 1
| #define HAVE_DECL_STRNLEN 1
| #define HAVE_DECL_DAEMON 1
| #define HAVE_DECL_LE16TOH 1
| #define HAVE_DECL_LE32TOH 1
| #define HAVE_DECL_LE64TOH 1
| #define HAVE_DECL_HTOLE16 1
| #define HAVE_DECL_HTOLE32 1
| #define HAVE_DECL_HTOLE64 1
| #define HAVE_DECL_BE16TOH 1
| #define HAVE_DECL_BE32TOH 1
| #define HAVE_DECL_BE64TOH 1
| #define HAVE_DECL_HTOBE16 1
| #define HAVE_DECL_HTOBE32 1
| #define HAVE_DECL_HTOBE64 1
| #define HAVE_DECL_BSWAP_16 1
| #define HAVE_DECL_BSWAP_32 1
| #define HAVE_DECL_BSWAP_64 1
| #define HAVE_DECL___BUILTIN_CLZ 1
| #define HAVE_DECL___BUILTIN_CLZL 1
| #define HAVE_DECL___BUILTIN_CLZLL 1
| #define HAVE_MALLOC_INFO 1
| #define HAVE_MALLOPT_ARENA_MAX 1
| #define HAVE_VISIBILITY_ATTRIBUTE 1
| #define HAVE_THREAD_LOCAL 1
| #define HAVE_MINIUPNPC_MINIWGET_H 1
| #define HAVE_MINIUPNPC_MINIUPNPC_H 1
| #define HAVE_MINIUPNPC_UPNPCOMMANDS_H 1
| #define HAVE_MINIUPNPC_UPNPERRORS_H 1
| /* end confdefs.h.  */
| 
|   #include <boost/thread/thread.hpp>
|   #include <boost/version.hpp>
| 
| int
| main (void)
| {
| 
|   #if BOOST_VERSION >= 105000 && (!defined(BOOST_HAS_NANOSLEEP) || BOOST_VERSION >= 105200)
|       boost::this_thread::sleep_for(boost::chrono::milliseconds(0));
|   #else
|    choke me
|   #endif
| 
|   ;
|   return 0;
| }
configure:32593: g++ -std=c++11 -o conftest -g -O2 -I/home/nathan/agrarian/depends/x86_64-pc-linux-gnu/include -DHAVE_BUILD_INFO -D__STDC_FORMAT_MACROS -DBOOST_SP_USE_STD_ATOMIC -DBOOST_AC_USE_STD_ATOMIC -I/include/boost-0 -L/home/nathan/agrarian/depends/x86_64-pc-linux-gnu/lib conftest.cpp -L/lib64       >&5
conftest.cpp:71:12: fatal error: boost/version.hpp: No such file or directory
   71 |   #include <boost/version.hpp>
      |            ^~~~~~~~~~~~~~~~~~~
compilation terminated.
configure:32593: $? = 1
configure: failed program was:
| /* confdefs.h */
| #define PACKAGE_NAME "Agrarian Core"
| #define PACKAGE_TARNAME "agrarian"
| #define PACKAGE_VERSION "1.0.0"
| #define PACKAGE_STRING "Agrarian Core 1.0.0"
| #define PACKAGE_BUGREPORT "www.agrarian.org"
| #define PACKAGE_URL ""
| #define HAVE_CXX11 1
| #define HAVE_STDIO_H 1
| #define HAVE_STDLIB_H 1
| #define HAVE_STRING_H 1
| #define HAVE_INTTYPES_H 1
| #define HAVE_STDINT_H 1
| #define HAVE_STRINGS_H 1
| #define HAVE_SYS_STAT_H 1
| #define HAVE_SYS_TYPES_H 1
| #define HAVE_UNISTD_H 1
| #define STDC_HEADERS 1
| #define HAVE_DLFCN_H 1
| #define LT_OBJDIR ".libs/"
| #define USE_ASM 1
| #define ENABLE_SSE41 1
| #define ENABLE_AVX2 1
| #define ENABLE_SHANI 1
| #define HAVE_PTHREAD_PRIO_INHERIT 1
| #define HAVE_PTHREAD 1
| #define HAVE_DECL_STRERROR_R 1
| #define HAVE_STRERROR_R 1
| #define STRERROR_R_CHAR_P 1
| #define HAVE_FUNC_ATTRIBUTE_VISIBILITY 1
| #define HAVE_ENDIAN_H 1
| #define HAVE_BYTESWAP_H 1
| #define HAVE_STDIO_H 1
| #define HAVE_STDLIB_H 1
| #define HAVE_UNISTD_H 1
| #define HAVE_STRINGS_H 1
| #define HAVE_SYS_TYPES_H 1
| #define HAVE_SYS_STAT_H 1
| #define HAVE_SYS_SELECT_H 1
| #define HAVE_SYS_PRCTL_H 1
| #define HAVE_DECL_STRNLEN 1
| #define HAVE_DECL_DAEMON 1
| #define HAVE_DECL_LE16TOH 1
| #define HAVE_DECL_LE32TOH 1
| #define HAVE_DECL_LE64TOH 1
| #define HAVE_DECL_HTOLE16 1
| #define HAVE_DECL_HTOLE32 1
| #define HAVE_DECL_HTOLE64 1
| #define HAVE_DECL_BE16TOH 1
| #define HAVE_DECL_BE32TOH 1
| #define HAVE_DECL_BE64TOH 1
| #define HAVE_DECL_HTOBE16 1
| #define HAVE_DECL_HTOBE32 1
| #define HAVE_DECL_HTOBE64 1
| #define HAVE_DECL_BSWAP_16 1
| #define HAVE_DECL_BSWAP_32 1
| #define HAVE_DECL_BSWAP_64 1
| #define HAVE_DECL___BUILTIN_CLZ 1
| #define HAVE_DECL___BUILTIN_CLZL 1
| #define HAVE_DECL___BUILTIN_CLZLL 1
| #define HAVE_MALLOC_INFO 1
| #define HAVE_MALLOPT_ARENA_MAX 1
| #define HAVE_VISIBILITY_ATTRIBUTE 1
| #define HAVE_THREAD_LOCAL 1
| #define HAVE_MINIUPNPC_MINIWGET_H 1
| #define HAVE_MINIUPNPC_MINIUPNPC_H 1
| #define HAVE_MINIUPNPC_UPNPCOMMANDS_H 1
| #define HAVE_MINIUPNPC_UPNPERRORS_H 1
| /* end confdefs.h.  */
| 
|   #include <boost/version.hpp>
|   #include <boost/thread.hpp>
|   #include <boost/date_time/posix_time/posix_time_types.hpp>
| 
| int
| main (void)
| {
| 
|   #if BOOST_VERSION <= 105600
|       boost::this_thread::sleep(boost::posix_time::milliseconds(0));
|   #else
|    choke me
|   #endif
| 
|   ;
|   return 0;
| }
configure:32608: error: No working boost sleep implementation found.

## ---------------- ##
## Cache variables. ##
## ---------------- ##

ac_cv_build=x86_64-pc-linux-gnu
ac_cv_c_bigendian=no
ac_cv_c_compiler_gnu=yes
ac_cv_cxx_compiler_gnu=yes
ac_cv_cxx_undeclared_builtin_options='none needed'
ac_cv_env_ARFLAGS_set=
ac_cv_env_ARFLAGS_value=
ac_cv_env_BDB_CFLAGS_set=
ac_cv_env_BDB_CFLAGS_value=
ac_cv_env_BDB_LIBS_set=
ac_cv_env_BDB_LIBS_value=
ac_cv_env_CCC_set=
ac_cv_env_CCC_value=
ac_cv_env_CC_set=
ac_cv_env_CC_value=
ac_cv_env_CFLAGS_set=
ac_cv_env_CFLAGS_value=
ac_cv_env_CPPFLAGS_set=
ac_cv_env_CPPFLAGS_value=
ac_cv_env_CPP_set=
ac_cv_env_CPP_value=
ac_cv_env_CRYPTO_CFLAGS_set=
ac_cv_env_CRYPTO_CFLAGS_value=
ac_cv_env_CRYPTO_LIBS_set=
ac_cv_env_CRYPTO_LIBS_value=
ac_cv_env_CXXCPP_set=
ac_cv_env_CXXCPP_value=
ac_cv_env_CXXFLAGS_set=
ac_cv_env_CXXFLAGS_value=
ac_cv_env_CXX_set=
ac_cv_env_CXX_value=
ac_cv_env_EVENT_CFLAGS_set=
ac_cv_env_EVENT_CFLAGS_value=
ac_cv_env_EVENT_LIBS_set=
ac_cv_env_EVENT_LIBS_value=
ac_cv_env_EVENT_PTHREADS_CFLAGS_set=
ac_cv_env_EVENT_PTHREADS_CFLAGS_value=
ac_cv_env_EVENT_PTHREADS_LIBS_set=
ac_cv_env_EVENT_PTHREADS_LIBS_value=
ac_cv_env_LDFLAGS_set=
ac_cv_env_LDFLAGS_value=
ac_cv_env_LIBS_set=
ac_cv_env_LIBS_value=
ac_cv_env_LT_SYS_LIBRARY_PATH_set=
ac_cv_env_LT_SYS_LIBRARY_PATH_value=
ac_cv_env_OBJCXXFLAGS_set=
ac_cv_env_OBJCXXFLAGS_value=
ac_cv_env_OBJCXX_set=
ac_cv_env_OBJCXX_value=
ac_cv_env_PKG_CONFIG_LIBDIR_set=
ac_cv_env_PKG_CONFIG_LIBDIR_value=
ac_cv_env_PKG_CONFIG_PATH_set=
ac_cv_env_PKG_CONFIG_PATH_value=
ac_cv_env_PKG_CONFIG_set=
ac_cv_env_PKG_CONFIG_value=
ac_cv_env_PROTOBUF_CFLAGS_set=
ac_cv_env_PROTOBUF_CFLAGS_value=
ac_cv_env_PROTOBUF_LIBS_set=
ac_cv_env_PROTOBUF_LIBS_value=
ac_cv_env_PYTHONPATH_set=
ac_cv_env_PYTHONPATH_value=
ac_cv_env_QR_CFLAGS_set=
ac_cv_env_QR_CFLAGS_value=
ac_cv_env_QR_LIBS_set=
ac_cv_env_QR_LIBS_value=
ac_cv_env_QT5_CFLAGS_set=
ac_cv_env_QT5_CFLAGS_value=
ac_cv_env_QT5_LIBS_set=
ac_cv_env_QT5_LIBS_value=
ac_cv_env_QTACCESSIBILITY_CFLAGS_set=
ac_cv_env_QTACCESSIBILITY_CFLAGS_value=
ac_cv_env_QTACCESSIBILITY_LIBS_set=
ac_cv_env_QTACCESSIBILITY_LIBS_value=
ac_cv_env_QTCGL_CFLAGS_set=
ac_cv_env_QTCGL_CFLAGS_value=
ac_cv_env_QTCGL_LIBS_set=
ac_cv_env_QTCGL_LIBS_value=
ac_cv_env_QTCLIPBOARD_CFLAGS_set=
ac_cv_env_QTCLIPBOARD_CFLAGS_value=
ac_cv_env_QTCLIPBOARD_LIBS_set=
ac_cv_env_QTCLIPBOARD_LIBS_value=
ac_cv_env_QTDEVICEDISCOVERY_CFLAGS_set=
ac_cv_env_QTDEVICEDISCOVERY_CFLAGS_value=
ac_cv_env_QTDEVICEDISCOVERY_LIBS_set=
ac_cv_env_QTDEVICEDISCOVERY_LIBS_value=
ac_cv_env_QTEVENTDISPATCHER_CFLAGS_set=
ac_cv_env_QTEVENTDISPATCHER_CFLAGS_value=
ac_cv_env_QTEVENTDISPATCHER_LIBS_set=
ac_cv_env_QTEVENTDISPATCHER_LIBS_value=
ac_cv_env_QTFB_CFLAGS_set=
ac_cv_env_QTFB_CFLAGS_value=
ac_cv_env_QTFB_LIBS_set=
ac_cv_env_QTFB_LIBS_value=
ac_cv_env_QTFONTDATABASE_CFLAGS_set=
ac_cv_env_QTFONTDATABASE_CFLAGS_value=
ac_cv_env_QTFONTDATABASE_LIBS_set=
ac_cv_env_QTFONTDATABASE_LIBS_value=
ac_cv_env_QTGRAPHICS_CFLAGS_set=
ac_cv_env_QTGRAPHICS_CFLAGS_value=
ac_cv_env_QTGRAPHICS_LIBS_set=
ac_cv_env_QTGRAPHICS_LIBS_value=
ac_cv_env_QTPLATFORM_CFLAGS_set=
ac_cv_env_QTPLATFORM_CFLAGS_value=
ac_cv_env_QTPLATFORM_LIBS_set=
ac_cv_env_QTPLATFORM_LIBS_value=
ac_cv_env_QTTHEME_CFLAGS_set=
ac_cv_env_QTTHEME_CFLAGS_value=
ac_cv_env_QTTHEME_LIBS_set=
ac_cv_env_QTTHEME_LIBS_value=
ac_cv_env_QTXCBQPA_CFLAGS_set=
ac_cv_env_QTXCBQPA_CFLAGS_value=
ac_cv_env_QTXCBQPA_LIBS_set=
ac_cv_env_QTXCBQPA_LIBS_value=
ac_cv_env_QT_DBUS_CFLAGS_set=
ac_cv_env_QT_DBUS_CFLAGS_value=
ac_cv_env_QT_DBUS_LIBS_set=
ac_cv_env_QT_DBUS_LIBS_value=
ac_cv_env_QT_TEST_CFLAGS_set=
ac_cv_env_QT_TEST_CFLAGS_value=
ac_cv_env_QT_TEST_LIBS_set=
ac_cv_env_QT_TEST_LIBS_value=
ac_cv_env_SSL_CFLAGS_set=
ac_cv_env_SSL_CFLAGS_value=
ac_cv_env_SSL_LIBS_set=
ac_cv_env_SSL_LIBS_value=
ac_cv_env_UNIVALUE_CFLAGS_set=
ac_cv_env_UNIVALUE_CFLAGS_value=
ac_cv_env_UNIVALUE_LIBS_set=
ac_cv_env_UNIVALUE_LIBS_value=
ac_cv_env_X11XCB_CFLAGS_set=
ac_cv_env_X11XCB_CFLAGS_value=
ac_cv_env_X11XCB_LIBS_set=
ac_cv_env_X11XCB_LIBS_value=
ac_cv_env_ZMQ_CFLAGS_set=
ac_cv_env_ZMQ_CFLAGS_value=
ac_cv_env_ZMQ_LIBS_set=
ac_cv_env_ZMQ_LIBS_value=
ac_cv_env_build_alias_set=
ac_cv_env_build_alias_value=
ac_cv_env_host_alias_set=
ac_cv_env_host_alias_value=
ac_cv_env_target_alias_set=
ac_cv_env_target_alias_value=
ac_cv_func_strerror_r_char_p=yes
ac_cv_have_decl___builtin_clz=yes
ac_cv_have_decl___builtin_clzl=yes
ac_cv_have_decl___builtin_clzll=yes
ac_cv_have_decl_be16toh=yes
ac_cv_have_decl_be32toh=yes
ac_cv_have_decl_be64toh=yes
ac_cv_have_decl_bswap_16=yes
ac_cv_have_decl_bswap_32=yes
ac_cv_have_decl_bswap_64=yes
ac_cv_have_decl_daemon=yes
ac_cv_have_decl_htobe16=yes
ac_cv_have_decl_htobe32=yes
ac_cv_have_decl_htobe64=yes
ac_cv_have_decl_htole16=yes
ac_cv_have_decl_htole32=yes
ac_cv_have_decl_htole64=yes
ac_cv_have_decl_le16toh=yes
ac_cv_have_decl_le32toh=yes
ac_cv_have_decl_le64toh=yes
ac_cv_have_decl_strerror_r=yes
ac_cv_have_decl_strnlen=yes
ac_cv_header_byteswap_h=yes
ac_cv_header_dlfcn_h=yes
ac_cv_header_endian_h=yes
ac_cv_header_inttypes_h=yes
ac_cv_header_miniupnpc_miniupnpc_h=yes
ac_cv_header_miniupnpc_miniwget_h=yes
ac_cv_header_miniupnpc_upnpcommands_h=yes
ac_cv_header_miniupnpc_upnperrors_h=yes
ac_cv_header_stdint_h=yes
ac_cv_header_stdio_h=yes
ac_cv_header_stdlib_h=yes
ac_cv_header_string_h=yes
ac_cv_header_strings_h=yes
ac_cv_header_sys_endian_h=no
ac_cv_header_sys_prctl_h=yes
ac_cv_header_sys_select_h=yes
ac_cv_header_sys_stat_h=yes
ac_cv_header_sys_types_h=yes
ac_cv_header_unistd_h=yes
ac_cv_host=x86_64-pc-linux-gnu
ac_cv_lib_miniupnpc_upnpDiscover=yes
ac_cv_objcxx_compiler_gnu=no
ac_cv_objext=o
ac_cv_path_EGREP='/usr/bin/grep -E'
ac_cv_path_FGREP='/usr/bin/grep -F'
ac_cv_path_GIT=/usr/bin/git
ac_cv_path_GREP=/usr/bin/grep
ac_cv_path_HEXDUMP=/usr/bin/hexdump
ac_cv_path_PYTHON=/usr/bin/python3
ac_cv_path_SED=/usr/bin/sed
ac_cv_path_ac_pt_AR=/usr/bin/ar
ac_cv_path_ac_pt_CPPFILT=/usr/bin/c++filt
ac_cv_path_ac_pt_GCOV=/usr/bin/gcov
ac_cv_path_ac_pt_OBJCOPY=/usr/bin/objcopy
ac_cv_path_ac_pt_PKG_CONFIG=/usr/bin/pkg-config
ac_cv_path_ac_pt_RANLIB=/usr/bin/ranlib
ac_cv_path_ac_pt_READELF=/usr/bin/readelf
ac_cv_path_ac_pt_STRIP=/usr/bin/strip
ac_cv_path_install='/usr/bin/install -c'
ac_cv_path_lt_DD=/usr/bin/dd
ac_cv_path_mkdir=/usr/bin/mkdir
ac_cv_prog_AWK=gawk
ac_cv_prog_CPP='gcc -E'
ac_cv_prog_CXXCPP='g++ -std=c++11 -E'
ac_cv_prog_ac_ct_AR=ar
ac_cv_prog_ac_ct_CC=gcc
ac_cv_prog_ac_ct_CXX=g++
ac_cv_prog_ac_ct_MANIFEST_TOOL=mt
ac_cv_prog_ac_ct_OBJDUMP=objdump
ac_cv_prog_ac_ct_RANLIB=ranlib
ac_cv_prog_ac_ct_STRIP=strip
ac_cv_prog_cc_c11=
ac_cv_prog_cc_g=yes
ac_cv_prog_cc_stdc=
ac_cv_prog_cxx_11=no
ac_cv_prog_cxx_cxx11=
ac_cv_prog_cxx_g=yes
ac_cv_prog_cxx_stdcxx=
ac_cv_prog_make_make_set=yes
ac_cv_prog_objcxx_g=no
ac_cv_search_clock_gettime='none required'
ac_cv_sys_file_offset_bits=no
ac_cv_sys_largefile_CC=no
am_cv_CC_dependencies_compiler_type=gcc3
am_cv_CXX_dependencies_compiler_type=gcc3
am_cv_OBJCXX_dependencies_compiler_type=gcc3
am_cv_make_support_nested_variables=yes
am_cv_prog_cc_c_o=yes
ax_cv_PTHREAD_CLANG=no
ax_cv_PTHREAD_JOINABLE_ATTR=PTHREAD_CREATE_JOINABLE
ax_cv_PTHREAD_PRIO_INHERIT=yes
ax_cv_PTHREAD_SPECIAL_FLAGS=no
ax_cv_boost_chrono=no
ax_cv_boost_filesystem=no
ax_cv_boost_program_options=no
ax_cv_boost_system=no
ax_cv_boost_thread=no
ax_cv_check_cxxcppflags___D_FORTIFY_SOURCE_2=yes
ax_cv_check_cxxcppflags___U_FORTIFY_SOURCE=yes
ax_cv_check_cxxflags__Wall=yes
ax_cv_check_cxxflags__Wdeprecated_register=no
ax_cv_check_cxxflags__Wextra=yes
ax_cv_check_cxxflags__Wformat=yes
ax_cv_check_cxxflags__Wformat_security=yes
ax_cv_check_cxxflags__Wimplicit_fallthrough=yes
ax_cv_check_cxxflags__Wrange_loop_analysis=no
ax_cv_check_cxxflags__Wredundant_decls=yes
ax_cv_check_cxxflags__Wself_assign=no
ax_cv_check_cxxflags__Wthread_safety_analysis=no
ax_cv_check_cxxflags__Wunused_local_typedef=no
ax_cv_check_cxxflags__Wunused_parameter=yes
ax_cv_check_cxxflags__Wvla=yes
ax_cv_check_cxxflags___Werror=yes
ax_cv_check_cxxflags___Wstack_protector=yes
ax_cv_check_cxxflags___fPIC=yes
ax_cv_check_cxxflags___fstack_protector_all=yes
ax_cv_check_cxxflags__mavx__mavx2=yes
ax_cv_check_cxxflags__msse4_1=yes
ax_cv_check_cxxflags__msse4_2=yes
ax_cv_check_cxxflags__msse4__msha=yes
ax_cv_check_ldflags___Wl___dynamicbase=no
ax_cv_check_ldflags___Wl___high_entropy_va=no
ax_cv_check_ldflags___Wl___large_address_aware=no
ax_cv_check_ldflags___Wl___nxcompat=no
ax_cv_check_ldflags___Wl__z_now=yes
ax_cv_check_ldflags___Wl__z_relro=yes
ax_cv_check_ldflags__fPIE__pie=yes
ax_cv_cxx_compile_cxx11__std_cpp11=yes
ax_cv_have_func_attribute_dllexport=no
ax_cv_have_func_attribute_dllimport=no
ax_cv_have_func_attribute_visibility=yes
lt_cv_ar_at_file=@
lt_cv_archive_cmds_need_lc=no
lt_cv_deplibs_check_method=pass_all
lt_cv_file_magic_cmd='$MAGIC_CMD'
lt_cv_file_magic_test_file=
lt_cv_ld_reload_flag=-r
lt_cv_nm_interface='BSD nm'
lt_cv_objdir=.libs
lt_cv_path_LD=/usr/bin/ld
lt_cv_path_LDCXX='/usr/bin/ld -m elf_x86_64'
lt_cv_path_NM='/usr/bin/nm -B'
lt_cv_path_mainfest_tool=no
lt_cv_prog_compiler_c_o=yes
lt_cv_prog_compiler_c_o_CXX=yes
lt_cv_prog_compiler_pic='-fPIC -DPIC'
lt_cv_prog_compiler_pic_CXX='-fPIC -DPIC'
lt_cv_prog_compiler_pic_works=yes
lt_cv_prog_compiler_pic_works_CXX=yes
lt_cv_prog_compiler_rtti_exceptions=no
lt_cv_prog_compiler_static_works=yes
lt_cv_prog_compiler_static_works_CXX=yes
lt_cv_prog_gnu_ld=yes
lt_cv_prog_gnu_ldcxx=yes
lt_cv_sharedlib_from_linklib_cmd='printf %s\n'
lt_cv_shlibpath_overrides_runpath=yes
lt_cv_sys_global_symbol_pipe='sed -n -e '\''s/^.*[	 ]\([ABCDGIRSTW][ABCDGIRSTW]*\)[	 ][	 ]*\([_A-Za-z][_A-Za-z0-9]*\)$/\1 \2 \2/p'\'' | sed '\''/ __gnu_lto/d'\'''
lt_cv_sys_global_symbol_to_c_name_address='sed -n -e '\''s/^: \(.*\) .*$/  {"\1", (void *) 0},/p'\'' -e '\''s/^[ABCDGIRSTW][ABCDGIRSTW]* .* \(.*\)$/  {"\1", (void *) \&\1},/p'\'''
lt_cv_sys_global_symbol_to_c_name_address_lib_prefix='sed -n -e '\''s/^: \(.*\) .*$/  {"\1", (void *) 0},/p'\'' -e '\''s/^[ABCDGIRSTW][ABCDGIRSTW]* .* \(lib.*\)$/  {"\1", (void *) \&\1},/p'\'' -e '\''s/^[ABCDGIRSTW][ABCDGIRSTW]* .* \(.*\)$/  {"lib\1", (void *) \&\1},/p'\'''
lt_cv_sys_global_symbol_to_cdecl='sed -n -e '\''s/^T .* \(.*\)$/extern int \1();/p'\'' -e '\''s/^[ABCDGIRSTW][ABCDGIRSTW]* .* \(.*\)$/extern char \1;/p'\'''
lt_cv_sys_global_symbol_to_import=
lt_cv_sys_max_cmd_len=1572864
lt_cv_to_host_file_cmd=func_convert_file_noop
lt_cv_to_tool_file_cmd=func_convert_file_noop
lt_cv_truncate_bin='/usr/bin/dd bs=4096 count=1'

## ----------------- ##
## Output variables. ##
## ----------------- ##

ACLOCAL='${SHELL} '\''/home/nathan/agrarian/build-aux/missing'\'' aclocal-1.16'
AMDEPBACKSLASH='\'
AMDEP_FALSE='#'
AMDEP_TRUE=''
AMTAR='$${TAR-tar}'
AM_BACKSLASH='\'
AM_DEFAULT_V='$(AM_DEFAULT_VERBOSITY)'
AM_DEFAULT_VERBOSITY='0'
AM_V='$(V)'
AR='/usr/bin/ar'
ARFLAGS='cr'
AUTOCONF='${SHELL} '\''/home/nathan/agrarian/build-aux/missing'\'' autoconf'
AUTOHEADER='${SHELL} '\''/home/nathan/agrarian/build-aux/missing'\'' autoheader'
AUTOMAKE='${SHELL} '\''/home/nathan/agrarian/build-aux/missing'\'' automake-1.16'
AVX2_CXXFLAGS='-mavx -mavx2'
AWK='gawk'
BDB_CFLAGS='-I/home/nathan/agrarian/depends/x86_64-pc-linux-gnu/include'
BDB_CPPFLAGS='-I/home/nathan/agrarian/depends/x86_64-pc-linux-gnu/include'
BDB_LIBS='-L/home/nathan/agrarian/depends/x86_64-pc-linux-gnu/lib -ldb_cxx-4.8 -ldb-4.8'
BITCOIN_CLI_NAME='agrarian-cli'
BITCOIN_DAEMON_NAME='agrariand'
BITCOIN_GUI_NAME='agrarian-qt'
BITCOIN_TX_NAME='agrarian-tx'
BOOST_CHRONO_LIB=''
BOOST_CPPFLAGS='-DBOOST_SP_USE_STD_ATOMIC -DBOOST_AC_USE_STD_ATOMIC -I/include/boost-0'
BOOST_FILESYSTEM_LIB=''
BOOST_LDFLAGS='-L/lib64'
BOOST_LIBS='-L/lib64     '
BOOST_PROGRAM_OPTIONS_LIB=''
BOOST_SYSTEM_LIB=''
BOOST_THREAD_LIB=''
BOOST_UNIT_TEST_FRAMEWORK_LIB=''
BREW=''
BUILD_BITCOIND_FALSE=''
BUILD_BITCOIND_TRUE=''
BUILD_BITCOIN_LIBS_FALSE=''
BUILD_BITCOIN_LIBS_TRUE=''
BUILD_BITCOIN_UTILS_FALSE=''
BUILD_BITCOIN_UTILS_TRUE=''
BUILD_DARWIN_FALSE=''
BUILD_DARWIN_TRUE=''
CC='gcc'
CCACHE=''
CCDEPMODE='depmode=gcc3'
CFLAGS='-g -O2'
CLIENT_VERSION_BUILD=''
CLIENT_VERSION_IS_RELEASE=''
CLIENT_VERSION_MAJOR=''
CLIENT_VERSION_MINOR=''
CLIENT_VERSION_REVISION=''
COMPAT_LDFLAGS=''
COPYRIGHT_YEAR=''
CPP='gcc -E'
CPPFILT='/usr/bin/c++filt'
CPPFLAGS='-I/home/nathan/agrarian/depends/x86_64-pc-linux-gnu/include -DHAVE_BUILD_INFO -D__STDC_FORMAT_MACROS'
CRYPTO_CFLAGS=''
CRYPTO_LIBS=''
CSCOPE='cscope'
CTAGS='ctags'
CXX='g++ -std=c++11'
CXXCPP='g++ -std=c++11 -E'
CXXDEPMODE='depmode=gcc3'
CXXFLAGS='-g -O2'
CYGPATH_W='echo'
DEBUG_CPPFLAGS=''
DEBUG_CXXFLAGS=''
DEFS=''
DEPDIR='.deps'
DLLTOOL='false'
DOXYGEN=''
DSYMUTIL=''
DUMPBIN=''
ECHO_C=''
ECHO_N='-n'
ECHO_T=''
EGREP='/usr/bin/grep -E'
EMBEDDED_LEVELDB_FALSE='#'
EMBEDDED_LEVELDB_TRUE=''
EMBEDDED_UNIVALUE_FALSE=''
EMBEDDED_UNIVALUE_TRUE=''
ENABLE_AVX2_FALSE=''
ENABLE_AVX2_TRUE=''
ENABLE_BENCH_FALSE=''
ENABLE_BENCH_TRUE=''
ENABLE_HWCRC32_FALSE=''
ENABLE_HWCRC32_TRUE=''
ENABLE_MAN_FALSE='#'
ENABLE_MAN_TRUE=''
ENABLE_QT_FALSE=''
ENABLE_QT_TESTS_FALSE=''
ENABLE_QT_TESTS_TRUE=''
ENABLE_QT_TRUE=''
ENABLE_SHANI_FALSE=''
ENABLE_SHANI_TRUE=''
ENABLE_SSE41_FALSE=''
ENABLE_SSE41_TRUE=''
ENABLE_TESTS_FALSE=''
ENABLE_TESTS_TRUE=''
ENABLE_WALLET_FALSE=''
ENABLE_WALLET_TRUE=''
ENABLE_ZMQ_FALSE=''
ENABLE_ZMQ_TRUE=''
ERROR_CXXFLAGS=''
ETAGS='etags'
EVENT_CFLAGS=''
EVENT_LIBS=''
EVENT_PTHREADS_CFLAGS=''
EVENT_PTHREADS_LIBS=''
EXEEXT=''
EXTENDED_FUNCTIONAL_TESTS=''
FGREP='/usr/bin/grep -F'
GCOV='/usr/bin/gcov'
GENHTML=''
GENISOIMAGE=''
GIT='/usr/bin/git'
GLIBC_BACK_COMPAT_FALSE=''
GLIBC_BACK_COMPAT_TRUE=''
GPROF_CXXFLAGS=''
GPROF_LDFLAGS=''
GREP='/usr/bin/grep'
HARDENED_CPPFLAGS=' -U_FORTIFY_SOURCE -D_FORTIFY_SOURCE=2'
HARDENED_CXXFLAGS=' -Wstack-protector -fstack-protector-all'
HARDENED_LDFLAGS=' -Wl,-z,relro -Wl,-z,now -pie'
HARDEN_FALSE=''
HARDEN_TRUE=''
HAVE_CXX11='1'
HAVE_DOXYGEN_FALSE=''
HAVE_DOXYGEN_TRUE='#'
HEXDUMP='/usr/bin/hexdump'
IMAGEMAGICK_CONVERT=''
INSTALLNAMETOOL=''
INSTALL_DATA='${INSTALL} -m 644'
INSTALL_PROGRAM='${INSTALL}'
INSTALL_SCRIPT='${INSTALL}'
INSTALL_STRIP_PROGRAM='$(install_sh) -c -s'
LCOV=''
LCOV_OPTS=''
LD='/usr/bin/ld -m elf_x86_64'
LDFLAGS='-L/home/nathan/agrarian/depends/x86_64-pc-linux-gnu/lib'
LEVELDB_CPPFLAGS=''
LEVELDB_TARGET_FLAGS='-DOS_LINUX'
LIBLEVELDB=''
LIBMEMENV=''
LIBOBJS=''
LIBS=''
LIBTOOL='$(SHELL) $(top_builddir)/libtool'
LIBTOOL_APP_LDFLAGS=''
LIPO=''
LN_S='ln -s'
LRELEASE=''
LTLIBOBJS=''
LT_SYS_LIBRARY_PATH=''
LUPDATE=''
MAINT=''
MAINTAINER_MODE_FALSE='#'
MAINTAINER_MODE_TRUE=''
MAKEINFO='${SHELL} '\''/home/nathan/agrarian/build-aux/missing'\'' makeinfo'
MAKENSIS=''
MANIFEST_TOOL=':'
MINIUPNPC_CPPFLAGS=''
MINIUPNPC_LIBS='-lminiupnpc'
MKDIR_P='/usr/bin/mkdir -p'
MOC=''
MOC_DEFS='-DHAVE_CONFIG_H -I$(srcdir)'
NM='/usr/bin/nm -B'
NMEDIT=''
NOWARN_CXXFLAGS=' -Wno-unused-parameter -Wno-implicit-fallthrough'
OBJCOPY='/usr/bin/objcopy'
OBJCXX='g++ -std=c++11'
OBJCXXDEPMODE='depmode=gcc3'
OBJCXXFLAGS=''
OBJDUMP='objdump'
OBJEXT='o'
OTOOL64=''
OTOOL=''
PACKAGE='agrarian'
PACKAGE_BUGREPORT='www.agrarian.org'
PACKAGE_NAME='Agrarian Core'
PACKAGE_STRING='Agrarian Core 1.0.0'
PACKAGE_TARNAME='agrarian'
PACKAGE_URL=''
PACKAGE_VERSION='1.0.0'
PATH_SEPARATOR=':'
PIC_FLAGS='-fPIC'
PIE_FLAGS='-fPIE'
PKG_CONFIG='/usr/bin/pkg-config'
PKG_CONFIG_LIBDIR='/home/nathan/agrarian/depends/x86_64-pc-linux-gnu/lib/pkgconfig:/home/nathan/agrarian/depends/x86_64-pc-linux-gnu/share/pkgconfig'
PKG_CONFIG_PATH=''
PORT=''
PROTOBUF_CFLAGS=''
PROTOBUF_LIBS=''
PROTOC=''
PTHREAD_CC='gcc'
PTHREAD_CFLAGS='-pthread'
PTHREAD_LIBS=''
PYTHON='/usr/bin/python3'
PYTHONPATH=''
QR_CFLAGS=''
QR_LIBS=''
QT5_CFLAGS=''
QT5_LIBS=''
QTACCESSIBILITY_CFLAGS=''
QTACCESSIBILITY_LIBS=''
QTCGL_CFLAGS=''
QTCGL_LIBS=''
QTCLIPBOARD_CFLAGS=''
QTCLIPBOARD_LIBS=''
QTDEVICEDISCOVERY_CFLAGS=''
QTDEVICEDISCOVERY_LIBS=''
QTEVENTDISPATCHER_CFLAGS=''
QTEVENTDISPATCHER_LIBS=''
QTFB_CFLAGS=''
QTFB_LIBS=''
QTFONTDATABASE_CFLAGS=''
QTFONTDATABASE_LIBS=''
QTGRAPHICS_CFLAGS=''
QTGRAPHICS_LIBS=''
QTPLATFORM_CFLAGS=''
QTPLATFORM_LIBS=''
QTTHEME_CFLAGS=''
QTTHEME_LIBS=''
QTXCBQPA_CFLAGS=''
QTXCBQPA_LIBS=''
QT_DBUS_CFLAGS=''
QT_DBUS_INCLUDES=''
QT_DBUS_LIBS=''
QT_INCLUDES=''
QT_LDFLAGS=''
QT_LIBS=''
QT_PIE_FLAGS=''
QT_SELECT='qt5'
QT_TEST_CFLAGS=''
QT_TEST_INCLUDES=''
QT_TEST_LIBS=''
QT_TRANSLATION_DIR=''
RANLIB='/usr/bin/ranlib'
RCC=''
READELF='/usr/bin/readelf'
RELDFLAGS=''
RSVG_CONVERT=''
SANITIZER_CXXFLAGS=''
SANITIZER_LDFLAGS=''
SED='/usr/bin/sed'
SET_MAKE=''
SHANI_CXXFLAGS='-msse4 -msha'
SHELL='/bin/bash'
SSE41_CXXFLAGS='-msse4.1'
SSE42_CXXFLAGS='-msse4.2'
SSL_CFLAGS=''
SSL_LIBS=''
STRIP='/usr/bin/strip'
TARGET_DARWIN_FALSE=''
TARGET_DARWIN_TRUE=''
TARGET_WINDOWS_FALSE=''
TARGET_WINDOWS_TRUE=''
TESTDEFS=''
TIFFCP=''
UIC=''
UNIVALUE_CFLAGS=''
UNIVALUE_LIBS=''
USE_ASM_FALSE=''
USE_ASM_TRUE=''
USE_LCOV_FALSE=''
USE_LCOV_TRUE=''
USE_NUM_GMP=''
USE_NUM_GMP_FALSE=''
USE_NUM_GMP_TRUE=''
USE_NUM_OPENSSL=''
USE_NUM_OPENSSL_FALSE=''
USE_NUM_OPENSSL_TRUE=''
USE_QRCODE=''
USE_QRCODE_FALSE=''
USE_QRCODE_TRUE=''
USE_UPNP=''
VERSION='1.0.0'
WARN_CXXFLAGS=' -Wall -Wextra -Wformat -Wvla -Wformat-security -Wredundant-decls'
WINDOWS_BITS=''
WINDRES=''
X11XCB_CFLAGS=''
X11XCB_LIBS=''
XGETTEXT=''
ZMQ_CFLAGS=''
ZMQ_LIBS=''
ac_ct_AR='ar'
ac_ct_CC='gcc'
ac_ct_CXX='g++'
ac_ct_DUMPBIN=''
ac_ct_OBJCXX=''
am__EXEEXT_FALSE=''
am__EXEEXT_TRUE=''
am__fastdepCC_FALSE='#'
am__fastdepCC_TRUE=''
am__fastdepCXX_FALSE='#'
am__fastdepCXX_TRUE=''
am__fastdepOBJCXX_FALSE='#'
am__fastdepOBJCXX_TRUE=''
am__include='include'
am__isrc=''
am__leading_dot='.'
am__nodep='_no'
am__quote=''
am__tar='$${TAR-tar} chof - "$$tardir"'
am__untar='$${TAR-tar} xf -'
ax_pthread_config=''
bindir='${exec_prefix}/bin'
build='x86_64-pc-linux-gnu'
build_alias=''
build_cpu='x86_64'
build_os='linux-gnu'
build_vendor='pc'
datadir='${datarootdir}'
datarootdir='${prefix}/share'
docdir='${datarootdir}/doc/${PACKAGE_TARNAME}'
dvidir='${docdir}'
exec_prefix='NONE'
host='x86_64-pc-linux-gnu'
host_alias=''
host_cpu='x86_64'
host_os='linux-gnu'
host_vendor='pc'
htmldir='${docdir}'
includedir='${prefix}/include'
infodir='${datarootdir}/info'
install_sh='${SHELL} /home/nathan/agrarian/build-aux/install-sh'
libdir='${exec_prefix}/lib'
libexecdir='${exec_prefix}/libexec'
localedir='${datarootdir}/locale'
localstatedir='${prefix}/var'
mandir='${datarootdir}/man'
mkdir_p='$(MKDIR_P)'
oldincludedir='/usr/include'
pdfdir='${docdir}'
prefix='/home/nathan/agrarian/depends/x86_64-pc-linux-gnu'
program_transform_name='s,x,x,'
psdir='${docdir}'
runstatedir='${localstatedir}/run'
sbindir='${exec_prefix}/sbin'
sharedstatedir='${prefix}/com'
subdirs=''
sysconfdir='${prefix}/etc'
target_alias=''

## ----------- ##
## confdefs.h. ##
## ----------- ##

/* confdefs.h */
#define PACKAGE_NAME "Agrarian Core"
#define PACKAGE_TARNAME "agrarian"
#define PACKAGE_VERSION "1.0.0"
#define PACKAGE_STRING "Agrarian Core 1.0.0"
#define PACKAGE_BUGREPORT "www.agrarian.org"
#define PACKAGE_URL ""
#define HAVE_CXX11 1
#define HAVE_STDIO_H 1
#define HAVE_STDLIB_H 1
#define HAVE_STRING_H 1
#define HAVE_INTTYPES_H 1
#define HAVE_STDINT_H 1
#define HAVE_STRINGS_H 1
#define HAVE_SYS_STAT_H 1
#define HAVE_SYS_TYPES_H 1
#define HAVE_UNISTD_H 1
#define STDC_HEADERS 1
#define HAVE_DLFCN_H 1
#define LT_OBJDIR ".libs/"
#define USE_ASM 1
#define ENABLE_SSE41 1
#define ENABLE_AVX2 1
#define ENABLE_SHANI 1
#define HAVE_PTHREAD_PRIO_INHERIT 1
#define HAVE_PTHREAD 1
#define HAVE_DECL_STRERROR_R 1
#define HAVE_STRERROR_R 1
#define STRERROR_R_CHAR_P 1
#define HAVE_FUNC_ATTRIBUTE_VISIBILITY 1
#define HAVE_ENDIAN_H 1
#define HAVE_BYTESWAP_H 1
#define HAVE_STDIO_H 1
#define HAVE_STDLIB_H 1
#define HAVE_UNISTD_H 1
#define HAVE_STRINGS_H 1
#define HAVE_SYS_TYPES_H 1
#define HAVE_SYS_STAT_H 1
#define HAVE_SYS_SELECT_H 1
#define HAVE_SYS_PRCTL_H 1
#define HAVE_DECL_STRNLEN 1
#define HAVE_DECL_DAEMON 1
#define HAVE_DECL_LE16TOH 1
#define HAVE_DECL_LE32TOH 1
#define HAVE_DECL_LE64TOH 1
#define HAVE_DECL_HTOLE16 1
#define HAVE_DECL_HTOLE32 1
#define HAVE_DECL_HTOLE64 1
#define HAVE_DECL_BE16TOH 1
#define HAVE_DECL_BE32TOH 1
#define HAVE_DECL_BE64TOH 1
#define HAVE_DECL_HTOBE16 1
#define HAVE_DECL_HTOBE32 1
#define HAVE_DECL_HTOBE64 1
#define HAVE_DECL_BSWAP_16 1
#define HAVE_DECL_BSWAP_32 1
#define HAVE_DECL_BSWAP_64 1
#define HAVE_DECL___BUILTIN_CLZ 1
#define HAVE_DECL___BUILTIN_CLZL 1
#define HAVE_DECL___BUILTIN_CLZLL 1
#define HAVE_MALLOC_INFO 1
#define HAVE_MALLOPT_ARENA_MAX 1
#define HAVE_VISIBILITY_ATTRIBUTE 1
#define HAVE_THREAD_LOCAL 1
#define HAVE_MINIUPNPC_MINIWGET_H 1
#define HAVE_MINIUPNPC_MINIUPNPC_H 1
#define HAVE_MINIUPNPC_UPNPCOMMANDS_H 1
#define HAVE_MINIUPNPC_UPNPERRORS_H 1

configure: exit 1
